<?xml version="1.0" encoding="UTF-8"?>
<testsuite xmlns:xsi="http://www.w3.org/2001/XMLSchema-instance" xsi:noNamespaceSchemaLocation="https://maven.apache.org/surefire/maven-surefire-plugin/xsd/surefire-test-report.xsd" name="com.atguigu.gmall.gateway.GmallGatewayApplicationTests" time="10.376" tests="1" errors="0" skipped="0" failures="0">
  <properties>
    <property name="sun.desktop" value="windows"/>
    <property name="awt.toolkit" value="sun.awt.windows.WToolkit"/>
    <property name="file.encoding.pkg" value="sun.io"/>
    <property name="java.specification.version" value="1.8"/>
    <property name="sun.cpu.isalist" value="amd64"/>
    <property name="sun.jnu.encoding" value="GBK"/>
    <property name="java.class.path" value="D:\workspace_idea0722\gmall\gmall-gateway\target\test-classes;D:\workspace_idea0722\gmall\gmall-gateway\target\classes;D:\developer_tools\RepMaven\com\atguigu\gmall-core\1.0-SNAPSHOT\gmall-core-1.0-SNAPSHOT.jar;D:\developer_tools\RepMaven\org\springframework\cloud\spring-cloud-starter-alibaba-nacos-discovery\0.2.2.RELEASE\spring-cloud-starter-alibaba-nacos-discovery-0.2.2.RELEASE.jar;D:\developer_tools\RepMaven\org\springframework\cloud\spring-cloud-alibaba-nacos-discovery\0.2.2.RELEASE\spring-cloud-alibaba-nacos-discovery-0.2.2.RELEASE.jar;D:\developer_tools\RepMaven\com\alibaba\nacos\nacos-client\1.0.0\nacos-client-1.0.0.jar;D:\developer_tools\RepMaven\com\alibaba\nacos\nacos-common\1.0.0\nacos-common-1.0.0.jar;D:\developer_tools\RepMaven\commons-io\commons-io\2.2\commons-io-2.2.jar;D:\developer_tools\RepMaven\org\apache\commons\commons-lang3\3.9\commons-lang3-3.9.jar;D:\developer_tools\RepMaven\com\alibaba\nacos\nacos-api\1.0.0\nacos-api-1.0.0.jar;D:\developer_tools\RepMaven\com\alibaba\fastjson\1.2.47\fastjson-1.2.47.jar;D:\developer_tools\RepMaven\commons-codec\commons-codec\1.13\commons-codec-1.13.jar;D:\developer_tools\RepMaven\com\fasterxml\jackson\core\jackson-core\2.10.0\jackson-core-2.10.0.jar;D:\developer_tools\RepMaven\io\prometheus\simpleclient\0.5.0\simpleclient-0.5.0.jar;D:\developer_tools\RepMaven\org\springframework\cloud\spring-cloud-starter-netflix-ribbon\2.2.0.RELEASE\spring-cloud-starter-netflix-ribbon-2.2.0.RELEASE.jar;D:\developer_tools\RepMaven\org\springframework\cloud\spring-cloud-netflix-ribbon\2.2.0.RELEASE\spring-cloud-netflix-ribbon-2.2.0.RELEASE.jar;D:\developer_tools\RepMaven\org\springframework\cloud\spring-cloud-netflix-archaius\2.2.0.RELEASE\spring-cloud-netflix-archaius-2.2.0.RELEASE.jar;D:\developer_tools\RepMaven\org\springframework\cloud\spring-cloud-starter-netflix-archaius\2.2.0.RELEASE\spring-cloud-starter-netflix-archaius-2.2.0.RELEASE.jar;D:\developer_tools\RepMaven\com\netflix\archaius\archaius-core\0.7.6\archaius-core-0.7.6.jar;D:\developer_tools\RepMaven\com\google\code\findbugs\jsr305\3.0.1\jsr305-3.0.1.jar;D:\developer_tools\RepMaven\commons-configuration\commons-configuration\1.8\commons-configuration-1.8.jar;D:\developer_tools\RepMaven\com\netflix\ribbon\ribbon\2.3.0\ribbon-2.3.0.jar;D:\developer_tools\RepMaven\com\netflix\ribbon\ribbon-transport\2.3.0\ribbon-transport-2.3.0.jar;D:\developer_tools\RepMaven\io\reactivex\rxnetty-contexts\0.4.9\rxnetty-contexts-0.4.9.jar;D:\developer_tools\RepMaven\io\reactivex\rxnetty-servo\0.4.9\rxnetty-servo-0.4.9.jar;D:\developer_tools\RepMaven\com\netflix\hystrix\hystrix-core\1.5.18\hystrix-core-1.5.18.jar;D:\developer_tools\RepMaven\org\hdrhistogram\HdrHistogram\2.1.9\HdrHistogram-2.1.9.jar;D:\developer_tools\RepMaven\javax\inject\javax.inject\1\javax.inject-1.jar;D:\developer_tools\RepMaven\io\reactivex\rxnetty\0.4.9\rxnetty-0.4.9.jar;D:\developer_tools\RepMaven\com\netflix\ribbon\ribbon-core\2.3.0\ribbon-core-2.3.0.jar;D:\developer_tools\RepMaven\commons-lang\commons-lang\2.6\commons-lang-2.6.jar;D:\developer_tools\RepMaven\com\netflix\ribbon\ribbon-httpclient\2.3.0\ribbon-httpclient-2.3.0.jar;D:\developer_tools\RepMaven\commons-collections\commons-collections\3.2.2\commons-collections-3.2.2.jar;D:\developer_tools\RepMaven\org\apache\httpcomponents\httpclient\4.5.10\httpclient-4.5.10.jar;D:\developer_tools\RepMaven\org\apache\httpcomponents\httpcore\4.4.12\httpcore-4.4.12.jar;D:\developer_tools\RepMaven\com\sun\jersey\jersey-client\1.19.1\jersey-client-1.19.1.jar;D:\developer_tools\RepMaven\com\sun\jersey\jersey-core\1.19.1\jersey-core-1.19.1.jar;D:\developer_tools\RepMaven\javax\ws\rs\jsr311-api\1.1.1\jsr311-api-1.1.1.jar;D:\developer_tools\RepMaven\com\sun\jersey\contribs\jersey-apache-client4\1.19.1\jersey-apache-client4-1.19.1.jar;D:\developer_tools\RepMaven\com\netflix\servo\servo-core\0.12.21\servo-core-0.12.21.jar;D:\developer_tools\RepMaven\com\netflix\netflix-commons\netflix-commons-util\0.3.0\netflix-commons-util-0.3.0.jar;D:\developer_tools\RepMaven\com\netflix\ribbon\ribbon-loadbalancer\2.3.0\ribbon-loadbalancer-2.3.0.jar;D:\developer_tools\RepMaven\com\netflix\netflix-commons\netflix-statistics\0.1.1\netflix-statistics-0.1.1.jar;D:\developer_tools\RepMaven\io\reactivex\rxjava\1.3.8\rxjava-1.3.8.jar;D:\developer_tools\RepMaven\org\springframework\cloud\spring-cloud-starter-alibaba-nacos-config\0.2.2.RELEASE\spring-cloud-starter-alibaba-nacos-config-0.2.2.RELEASE.jar;D:\developer_tools\RepMaven\org\springframework\cloud\spring-cloud-alibaba-nacos-config\0.2.2.RELEASE\spring-cloud-alibaba-nacos-config-0.2.2.RELEASE.jar;D:\developer_tools\RepMaven\mysql\mysql-connector-java\8.0.18\mysql-connector-java-8.0.18.jar;D:\developer_tools\RepMaven\io\springfox\springfox-swagger2\2.9.2\springfox-swagger2-2.9.2.jar;D:\developer_tools\RepMaven\io\swagger\swagger-annotations\1.5.20\swagger-annotations-1.5.20.jar;D:\developer_tools\RepMaven\io\swagger\swagger-models\1.5.20\swagger-models-1.5.20.jar;D:\developer_tools\RepMaven\com\fasterxml\jackson\core\jackson-annotations\2.10.0\jackson-annotations-2.10.0.jar;D:\developer_tools\RepMaven\io\springfox\springfox-spi\2.9.2\springfox-spi-2.9.2.jar;D:\developer_tools\RepMaven\io\springfox\springfox-core\2.9.2\springfox-core-2.9.2.jar;D:\developer_tools\RepMaven\io\springfox\springfox-schema\2.9.2\springfox-schema-2.9.2.jar;D:\developer_tools\RepMaven\io\springfox\springfox-swagger-common\2.9.2\springfox-swagger-common-2.9.2.jar;D:\developer_tools\RepMaven\io\springfox\springfox-spring-web\2.9.2\springfox-spring-web-2.9.2.jar;D:\developer_tools\RepMaven\com\google\guava\guava\20.0\guava-20.0.jar;D:\developer_tools\RepMaven\com\fasterxml\classmate\1.5.1\classmate-1.5.1.jar;D:\developer_tools\RepMaven\org\slf4j\slf4j-api\1.7.29\slf4j-api-1.7.29.jar;D:\developer_tools\RepMaven\org\springframework\plugin\spring-plugin-core\1.2.0.RELEASE\spring-plugin-core-1.2.0.RELEASE.jar;D:\developer_tools\RepMaven\org\springframework\spring-beans\5.2.1.RELEASE\spring-beans-5.2.1.RELEASE.jar;D:\developer_tools\RepMaven\org\springframework\spring-context\5.2.1.RELEASE\spring-context-5.2.1.RELEASE.jar;D:\developer_tools\RepMaven\org\springframework\spring-expression\5.2.1.RELEASE\spring-expression-5.2.1.RELEASE.jar;D:\developer_tools\RepMaven\org\springframework\spring-aop\5.2.1.RELEASE\spring-aop-5.2.1.RELEASE.jar;D:\developer_tools\RepMaven\org\springframework\plugin\spring-plugin-metadata\1.2.0.RELEASE\spring-plugin-metadata-1.2.0.RELEASE.jar;D:\developer_tools\RepMaven\org\mapstruct\mapstruct\1.2.0.Final\mapstruct-1.2.0.Final.jar;D:\developer_tools\RepMaven\io\springfox\springfox-swagger-ui\2.9.2\springfox-swagger-ui-2.9.2.jar;D:\developer_tools\RepMaven\org\projectlombok\lombok\1.18.10\lombok-1.18.10.jar;D:\developer_tools\RepMaven\org\springframework\cloud\spring-cloud-starter-gateway\2.2.0.RELEASE\spring-cloud-starter-gateway-2.2.0.RELEASE.jar;D:\developer_tools\RepMaven\org\springframework\cloud\spring-cloud-starter\2.2.0.RELEASE\spring-cloud-starter-2.2.0.RELEASE.jar;D:\developer_tools\RepMaven\org\springframework\cloud\spring-cloud-context\2.2.0.RELEASE\spring-cloud-context-2.2.0.RELEASE.jar;D:\developer_tools\RepMaven\org\springframework\security\spring-security-crypto\5.2.1.RELEASE\spring-security-crypto-5.2.1.RELEASE.jar;D:\developer_tools\RepMaven\org\springframework\cloud\spring-cloud-commons\2.2.0.RELEASE\spring-cloud-commons-2.2.0.RELEASE.jar;D:\developer_tools\RepMaven\org\springframework\security\spring-security-rsa\1.0.7.RELEASE\spring-security-rsa-1.0.7.RELEASE.jar;D:\developer_tools\RepMaven\org\bouncycastle\bcpkix-jdk15on\1.60\bcpkix-jdk15on-1.60.jar;D:\developer_tools\RepMaven\org\bouncycastle\bcprov-jdk15on\1.60\bcprov-jdk15on-1.60.jar;D:\developer_tools\RepMaven\org\springframework\cloud\spring-cloud-gateway-core\2.2.0.RELEASE\spring-cloud-gateway-core-2.2.0.RELEASE.jar;D:\developer_tools\RepMaven\io\projectreactor\addons\reactor-extra\3.3.0.RELEASE\reactor-extra-3.3.0.RELEASE.jar;D:\developer_tools\RepMaven\io\projectreactor\reactor-core\3.3.0.RELEASE\reactor-core-3.3.0.RELEASE.jar;D:\developer_tools\RepMaven\org\reactivestreams\reactive-streams\1.0.3\reactive-streams-1.0.3.jar;D:\developer_tools\RepMaven\org\springframework\boot\spring-boot-starter-webflux\2.2.1.RELEASE\spring-boot-starter-webflux-2.2.1.RELEASE.jar;D:\developer_tools\RepMaven\org\springframework\boot\spring-boot-starter-json\2.2.1.RELEASE\spring-boot-starter-json-2.2.1.RELEASE.jar;D:\developer_tools\RepMaven\com\fasterxml\jackson\core\jackson-databind\2.10.0\jackson-databind-2.10.0.jar;D:\developer_tools\RepMaven\com\fasterxml\jackson\datatype\jackson-datatype-jdk8\2.10.0\jackson-datatype-jdk8-2.10.0.jar;D:\developer_tools\RepMaven\com\fasterxml\jackson\datatype\jackson-datatype-jsr310\2.10.0\jackson-datatype-jsr310-2.10.0.jar;D:\developer_tools\RepMaven\com\fasterxml\jackson\module\jackson-module-parameter-names\2.10.0\jackson-module-parameter-names-2.10.0.jar;D:\developer_tools\RepMaven\org\springframework\boot\spring-boot-starter-reactor-netty\2.2.1.RELEASE\spring-boot-starter-reactor-netty-2.2.1.RELEASE.jar;D:\developer_tools\RepMaven\io\projectreactor\netty\reactor-netty\0.9.1.RELEASE\reactor-netty-0.9.1.RELEASE.jar;D:\developer_tools\RepMaven\io\netty\netty-codec-http\4.1.43.Final\netty-codec-http-4.1.43.Final.jar;D:\developer_tools\RepMaven\io\netty\netty-common\4.1.43.Final\netty-common-4.1.43.Final.jar;D:\developer_tools\RepMaven\io\netty\netty-buffer\4.1.43.Final\netty-buffer-4.1.43.Final.jar;D:\developer_tools\RepMaven\io\netty\netty-transport\4.1.43.Final\netty-transport-4.1.43.Final.jar;D:\developer_tools\RepMaven\io\netty\netty-resolver\4.1.43.Final\netty-resolver-4.1.43.Final.jar;D:\developer_tools\RepMaven\io\netty\netty-codec\4.1.43.Final\netty-codec-4.1.43.Final.jar;D:\developer_tools\RepMaven\io\netty\netty-codec-http2\4.1.43.Final\netty-codec-http2-4.1.43.Final.jar;D:\developer_tools\RepMaven\io\netty\netty-handler\4.1.43.Final\netty-handler-4.1.43.Final.jar;D:\developer_tools\RepMaven\io\netty\netty-handler-proxy\4.1.43.Final\netty-handler-proxy-4.1.43.Final.jar;D:\developer_tools\RepMaven\io\netty\netty-codec-socks\4.1.43.Final\netty-codec-socks-4.1.43.Final.jar;D:\developer_tools\RepMaven\io\netty\netty-transport-native-epoll\4.1.43.Final\netty-transport-native-epoll-4.1.43.Final-linux-x86_64.jar;D:\developer_tools\RepMaven\io\netty\netty-transport-native-unix-common\4.1.43.Final\netty-transport-native-unix-common-4.1.43.Final.jar;D:\developer_tools\RepMaven\org\glassfish\jakarta.el\3.0.3\jakarta.el-3.0.3.jar;D:\developer_tools\RepMaven\org\springframework\boot\spring-boot-starter-validation\2.2.1.RELEASE\spring-boot-starter-validation-2.2.1.RELEASE.jar;D:\developer_tools\RepMaven\jakarta\validation\jakarta.validation-api\2.0.1\jakarta.validation-api-2.0.1.jar;D:\developer_tools\RepMaven\org\hibernate\validator\hibernate-validator\6.0.18.Final\hibernate-validator-6.0.18.Final.jar;D:\developer_tools\RepMaven\org\jboss\logging\jboss-logging\3.4.1.Final\jboss-logging-3.4.1.Final.jar;D:\developer_tools\RepMaven\org\springframework\spring-web\5.2.1.RELEASE\spring-web-5.2.1.RELEASE.jar;D:\developer_tools\RepMaven\org\springframework\spring-webflux\5.2.1.RELEASE\spring-webflux-5.2.1.RELEASE.jar;D:\developer_tools\RepMaven\org\synchronoss\cloud\nio-multipart-parser\1.1.0\nio-multipart-parser-1.1.0.jar;D:\developer_tools\RepMaven\org\synchronoss\cloud\nio-stream-storage\1.1.3\nio-stream-storage-1.1.3.jar;D:\developer_tools\RepMaven\org\springframework\boot\spring-boot-starter-test\2.2.1.RELEASE\spring-boot-starter-test-2.2.1.RELEASE.jar;D:\developer_tools\RepMaven\org\springframework\boot\spring-boot-starter\2.2.1.RELEASE\spring-boot-starter-2.2.1.RELEASE.jar;D:\developer_tools\RepMaven\org\springframework\boot\spring-boot\2.2.1.RELEASE\spring-boot-2.2.1.RELEASE.jar;D:\developer_tools\RepMaven\org\springframework\boot\spring-boot-autoconfigure\2.2.1.RELEASE\spring-boot-autoconfigure-2.2.1.RELEASE.jar;D:\developer_tools\RepMaven\org\springframework\boot\spring-boot-starter-logging\2.2.1.RELEASE\spring-boot-starter-logging-2.2.1.RELEASE.jar;D:\developer_tools\RepMaven\ch\qos\logback\logback-classic\1.2.3\logback-classic-1.2.3.jar;D:\developer_tools\RepMaven\ch\qos\logback\logback-core\1.2.3\logback-core-1.2.3.jar;D:\developer_tools\RepMaven\org\apache\logging\log4j\log4j-to-slf4j\2.12.1\log4j-to-slf4j-2.12.1.jar;D:\developer_tools\RepMaven\org\apache\logging\log4j\log4j-api\2.12.1\log4j-api-2.12.1.jar;D:\developer_tools\RepMaven\org\slf4j\jul-to-slf4j\1.7.29\jul-to-slf4j-1.7.29.jar;D:\developer_tools\RepMaven\jakarta\annotation\jakarta.annotation-api\1.3.5\jakarta.annotation-api-1.3.5.jar;D:\developer_tools\RepMaven\org\yaml\snakeyaml\1.25\snakeyaml-1.25.jar;D:\developer_tools\RepMaven\org\springframework\boot\spring-boot-test\2.2.1.RELEASE\spring-boot-test-2.2.1.RELEASE.jar;D:\developer_tools\RepMaven\org\springframework\boot\spring-boot-test-autoconfigure\2.2.1.RELEASE\spring-boot-test-autoconfigure-2.2.1.RELEASE.jar;D:\developer_tools\RepMaven\com\jayway\jsonpath\json-path\2.4.0\json-path-2.4.0.jar;D:\developer_tools\RepMaven\net\minidev\json-smart\2.3\json-smart-2.3.jar;D:\developer_tools\RepMaven\net\minidev\accessors-smart\1.2\accessors-smart-1.2.jar;D:\developer_tools\RepMaven\org\ow2\asm\asm\5.0.4\asm-5.0.4.jar;D:\developer_tools\RepMaven\jakarta\xml\bind\jakarta.xml.bind-api\2.3.2\jakarta.xml.bind-api-2.3.2.jar;D:\developer_tools\RepMaven\jakarta\activation\jakarta.activation-api\1.2.1\jakarta.activation-api-1.2.1.jar;D:\developer_tools\RepMaven\org\junit\jupiter\junit-jupiter\5.5.2\junit-jupiter-5.5.2.jar;D:\developer_tools\RepMaven\org\junit\jupiter\junit-jupiter-api\5.5.2\junit-jupiter-api-5.5.2.jar;D:\developer_tools\RepMaven\org\apiguardian\apiguardian-api\1.1.0\apiguardian-api-1.1.0.jar;D:\developer_tools\RepMaven\org\opentest4j\opentest4j\1.2.0\opentest4j-1.2.0.jar;D:\developer_tools\RepMaven\org\junit\platform\junit-platform-commons\1.5.2\junit-platform-commons-1.5.2.jar;D:\developer_tools\RepMaven\org\junit\jupiter\junit-jupiter-params\5.5.2\junit-jupiter-params-5.5.2.jar;D:\developer_tools\RepMaven\org\junit\jupiter\junit-jupiter-engine\5.5.2\junit-jupiter-engine-5.5.2.jar;D:\developer_tools\RepMaven\org\junit\platform\junit-platform-engine\1.5.2\junit-platform-engine-1.5.2.jar;D:\developer_tools\RepMaven\org\mockito\mockito-junit-jupiter\3.1.0\mockito-junit-jupiter-3.1.0.jar;D:\developer_tools\RepMaven\org\assertj\assertj-core\3.13.2\assertj-core-3.13.2.jar;D:\developer_tools\RepMaven\org\hamcrest\hamcrest\2.1\hamcrest-2.1.jar;D:\developer_tools\RepMaven\org\mockito\mockito-core\3.1.0\mockito-core-3.1.0.jar;D:\developer_tools\RepMaven\net\bytebuddy\byte-buddy\1.10.2\byte-buddy-1.10.2.jar;D:\developer_tools\RepMaven\net\bytebuddy\byte-buddy-agent\1.10.2\byte-buddy-agent-1.10.2.jar;D:\developer_tools\RepMaven\org\objenesis\objenesis\2.6\objenesis-2.6.jar;D:\developer_tools\RepMaven\org\skyscreamer\jsonassert\1.5.0\jsonassert-1.5.0.jar;D:\developer_tools\RepMaven\com\vaadin\external\google\android-json\0.0.20131108.vaadin1\android-json-0.0.20131108.vaadin1.jar;D:\developer_tools\RepMaven\org\springframework\spring-core\5.2.1.RELEASE\spring-core-5.2.1.RELEASE.jar;D:\developer_tools\RepMaven\org\springframework\spring-jcl\5.2.1.RELEASE\spring-jcl-5.2.1.RELEASE.jar;D:\developer_tools\RepMaven\org\springframework\spring-test\5.2.1.RELEASE\spring-test-5.2.1.RELEASE.jar;D:\developer_tools\RepMaven\org\xmlunit\xmlunit-core\2.6.3\xmlunit-core-2.6.3.jar;"/>
    <property name="java.vm.vendor" value="Oracle Corporation"/>
    <property name="sun.arch.data.model" value="64"/>
    <property name="user.variant" value=""/>
    <property name="java.vendor.url" value="http://java.oracle.com/"/>
    <property name="user.timezone" value="Asia/Shanghai"/>
    <property name="java.vm.specification.version" value="1.8"/>
    <property name="os.name" value="Windows 10"/>
    <property name="user.country" value="CN"/>
    <property name="sun.java.launcher" value="SUN_STANDARD"/>
    <property name="sun.boot.library.path" value="D:\developer_tools\java\jdk1.8.0_202\jre\bin"/>
    <property name="sun.java.command" value="C:\Users\赵志毅\AppData\Local\Temp\surefire46468173192340673\surefirebooter7067296044389541448.jar C:\Users\赵志毅\AppData\Local\Temp\surefire46468173192340673 2019-12-03T19-41-55_064-jvmRun1 surefire6298228408454177665tmp surefire_06658881944379344106tmp"/>
    <property name="surefire.test.class.path" value="D:\workspace_idea0722\gmall\gmall-gateway\target\test-classes;D:\workspace_idea0722\gmall\gmall-gateway\target\classes;D:\developer_tools\RepMaven\com\atguigu\gmall-core\1.0-SNAPSHOT\gmall-core-1.0-SNAPSHOT.jar;D:\developer_tools\RepMaven\org\springframework\cloud\spring-cloud-starter-alibaba-nacos-discovery\0.2.2.RELEASE\spring-cloud-starter-alibaba-nacos-discovery-0.2.2.RELEASE.jar;D:\developer_tools\RepMaven\org\springframework\cloud\spring-cloud-alibaba-nacos-discovery\0.2.2.RELEASE\spring-cloud-alibaba-nacos-discovery-0.2.2.RELEASE.jar;D:\developer_tools\RepMaven\com\alibaba\nacos\nacos-client\1.0.0\nacos-client-1.0.0.jar;D:\developer_tools\RepMaven\com\alibaba\nacos\nacos-common\1.0.0\nacos-common-1.0.0.jar;D:\developer_tools\RepMaven\commons-io\commons-io\2.2\commons-io-2.2.jar;D:\developer_tools\RepMaven\org\apache\commons\commons-lang3\3.9\commons-lang3-3.9.jar;D:\developer_tools\RepMaven\com\alibaba\nacos\nacos-api\1.0.0\nacos-api-1.0.0.jar;D:\developer_tools\RepMaven\com\alibaba\fastjson\1.2.47\fastjson-1.2.47.jar;D:\developer_tools\RepMaven\commons-codec\commons-codec\1.13\commons-codec-1.13.jar;D:\developer_tools\RepMaven\com\fasterxml\jackson\core\jackson-core\2.10.0\jackson-core-2.10.0.jar;D:\developer_tools\RepMaven\io\prometheus\simpleclient\0.5.0\simpleclient-0.5.0.jar;D:\developer_tools\RepMaven\org\springframework\cloud\spring-cloud-starter-netflix-ribbon\2.2.0.RELEASE\spring-cloud-starter-netflix-ribbon-2.2.0.RELEASE.jar;D:\developer_tools\RepMaven\org\springframework\cloud\spring-cloud-netflix-ribbon\2.2.0.RELEASE\spring-cloud-netflix-ribbon-2.2.0.RELEASE.jar;D:\developer_tools\RepMaven\org\springframework\cloud\spring-cloud-netflix-archaius\2.2.0.RELEASE\spring-cloud-netflix-archaius-2.2.0.RELEASE.jar;D:\developer_tools\RepMaven\org\springframework\cloud\spring-cloud-starter-netflix-archaius\2.2.0.RELEASE\spring-cloud-starter-netflix-archaius-2.2.0.RELEASE.jar;D:\developer_tools\RepMaven\com\netflix\archaius\archaius-core\0.7.6\archaius-core-0.7.6.jar;D:\developer_tools\RepMaven\com\google\code\findbugs\jsr305\3.0.1\jsr305-3.0.1.jar;D:\developer_tools\RepMaven\commons-configuration\commons-configuration\1.8\commons-configuration-1.8.jar;D:\developer_tools\RepMaven\com\netflix\ribbon\ribbon\2.3.0\ribbon-2.3.0.jar;D:\developer_tools\RepMaven\com\netflix\ribbon\ribbon-transport\2.3.0\ribbon-transport-2.3.0.jar;D:\developer_tools\RepMaven\io\reactivex\rxnetty-contexts\0.4.9\rxnetty-contexts-0.4.9.jar;D:\developer_tools\RepMaven\io\reactivex\rxnetty-servo\0.4.9\rxnetty-servo-0.4.9.jar;D:\developer_tools\RepMaven\com\netflix\hystrix\hystrix-core\1.5.18\hystrix-core-1.5.18.jar;D:\developer_tools\RepMaven\org\hdrhistogram\HdrHistogram\2.1.9\HdrHistogram-2.1.9.jar;D:\developer_tools\RepMaven\javax\inject\javax.inject\1\javax.inject-1.jar;D:\developer_tools\RepMaven\io\reactivex\rxnetty\0.4.9\rxnetty-0.4.9.jar;D:\developer_tools\RepMaven\com\netflix\ribbon\ribbon-core\2.3.0\ribbon-core-2.3.0.jar;D:\developer_tools\RepMaven\commons-lang\commons-lang\2.6\commons-lang-2.6.jar;D:\developer_tools\RepMaven\com\netflix\ribbon\ribbon-httpclient\2.3.0\ribbon-httpclient-2.3.0.jar;D:\developer_tools\RepMaven\commons-collections\commons-collections\3.2.2\commons-collections-3.2.2.jar;D:\developer_tools\RepMaven\org\apache\httpcomponents\httpclient\4.5.10\httpclient-4.5.10.jar;D:\developer_tools\RepMaven\org\apache\httpcomponents\httpcore\4.4.12\httpcore-4.4.12.jar;D:\developer_tools\RepMaven\com\sun\jersey\jersey-client\1.19.1\jersey-client-1.19.1.jar;D:\developer_tools\RepMaven\com\sun\jersey\jersey-core\1.19.1\jersey-core-1.19.1.jar;D:\developer_tools\RepMaven\javax\ws\rs\jsr311-api\1.1.1\jsr311-api-1.1.1.jar;D:\developer_tools\RepMaven\com\sun\jersey\contribs\jersey-apache-client4\1.19.1\jersey-apache-client4-1.19.1.jar;D:\developer_tools\RepMaven\com\netflix\servo\servo-core\0.12.21\servo-core-0.12.21.jar;D:\developer_tools\RepMaven\com\netflix\netflix-commons\netflix-commons-util\0.3.0\netflix-commons-util-0.3.0.jar;D:\developer_tools\RepMaven\com\netflix\ribbon\ribbon-loadbalancer\2.3.0\ribbon-loadbalancer-2.3.0.jar;D:\developer_tools\RepMaven\com\netflix\netflix-commons\netflix-statistics\0.1.1\netflix-statistics-0.1.1.jar;D:\developer_tools\RepMaven\io\reactivex\rxjava\1.3.8\rxjava-1.3.8.jar;D:\developer_tools\RepMaven\org\springframework\cloud\spring-cloud-starter-alibaba-nacos-config\0.2.2.RELEASE\spring-cloud-starter-alibaba-nacos-config-0.2.2.RELEASE.jar;D:\developer_tools\RepMaven\org\springframework\cloud\spring-cloud-alibaba-nacos-config\0.2.2.RELEASE\spring-cloud-alibaba-nacos-config-0.2.2.RELEASE.jar;D:\developer_tools\RepMaven\mysql\mysql-connector-java\8.0.18\mysql-connector-java-8.0.18.jar;D:\developer_tools\RepMaven\io\springfox\springfox-swagger2\2.9.2\springfox-swagger2-2.9.2.jar;D:\developer_tools\RepMaven\io\swagger\swagger-annotations\1.5.20\swagger-annotations-1.5.20.jar;D:\developer_tools\RepMaven\io\swagger\swagger-models\1.5.20\swagger-models-1.5.20.jar;D:\developer_tools\RepMaven\com\fasterxml\jackson\core\jackson-annotations\2.10.0\jackson-annotations-2.10.0.jar;D:\developer_tools\RepMaven\io\springfox\springfox-spi\2.9.2\springfox-spi-2.9.2.jar;D:\developer_tools\RepMaven\io\springfox\springfox-core\2.9.2\springfox-core-2.9.2.jar;D:\developer_tools\RepMaven\io\springfox\springfox-schema\2.9.2\springfox-schema-2.9.2.jar;D:\developer_tools\RepMaven\io\springfox\springfox-swagger-common\2.9.2\springfox-swagger-common-2.9.2.jar;D:\developer_tools\RepMaven\io\springfox\springfox-spring-web\2.9.2\springfox-spring-web-2.9.2.jar;D:\developer_tools\RepMaven\com\google\guava\guava\20.0\guava-20.0.jar;D:\developer_tools\RepMaven\com\fasterxml\classmate\1.5.1\classmate-1.5.1.jar;D:\developer_tools\RepMaven\org\slf4j\slf4j-api\1.7.29\slf4j-api-1.7.29.jar;D:\developer_tools\RepMaven\org\springframework\plugin\spring-plugin-core\1.2.0.RELEASE\spring-plugin-core-1.2.0.RELEASE.jar;D:\developer_tools\RepMaven\org\springframework\spring-beans\5.2.1.RELEASE\spring-beans-5.2.1.RELEASE.jar;D:\developer_tools\RepMaven\org\springframework\spring-context\5.2.1.RELEASE\spring-context-5.2.1.RELEASE.jar;D:\developer_tools\RepMaven\org\springframework\spring-expression\5.2.1.RELEASE\spring-expression-5.2.1.RELEASE.jar;D:\developer_tools\RepMaven\org\springframework\spring-aop\5.2.1.RELEASE\spring-aop-5.2.1.RELEASE.jar;D:\developer_tools\RepMaven\org\springframework\plugin\spring-plugin-metadata\1.2.0.RELEASE\spring-plugin-metadata-1.2.0.RELEASE.jar;D:\developer_tools\RepMaven\org\mapstruct\mapstruct\1.2.0.Final\mapstruct-1.2.0.Final.jar;D:\developer_tools\RepMaven\io\springfox\springfox-swagger-ui\2.9.2\springfox-swagger-ui-2.9.2.jar;D:\developer_tools\RepMaven\org\projectlombok\lombok\1.18.10\lombok-1.18.10.jar;D:\developer_tools\RepMaven\org\springframework\cloud\spring-cloud-starter-gateway\2.2.0.RELEASE\spring-cloud-starter-gateway-2.2.0.RELEASE.jar;D:\developer_tools\RepMaven\org\springframework\cloud\spring-cloud-starter\2.2.0.RELEASE\spring-cloud-starter-2.2.0.RELEASE.jar;D:\developer_tools\RepMaven\org\springframework\cloud\spring-cloud-context\2.2.0.RELEASE\spring-cloud-context-2.2.0.RELEASE.jar;D:\developer_tools\RepMaven\org\springframework\security\spring-security-crypto\5.2.1.RELEASE\spring-security-crypto-5.2.1.RELEASE.jar;D:\developer_tools\RepMaven\org\springframework\cloud\spring-cloud-commons\2.2.0.RELEASE\spring-cloud-commons-2.2.0.RELEASE.jar;D:\developer_tools\RepMaven\org\springframework\security\spring-security-rsa\1.0.7.RELEASE\spring-security-rsa-1.0.7.RELEASE.jar;D:\developer_tools\RepMaven\org\bouncycastle\bcpkix-jdk15on\1.60\bcpkix-jdk15on-1.60.jar;D:\developer_tools\RepMaven\org\bouncycastle\bcprov-jdk15on\1.60\bcprov-jdk15on-1.60.jar;D:\developer_tools\RepMaven\org\springframework\cloud\spring-cloud-gateway-core\2.2.0.RELEASE\spring-cloud-gateway-core-2.2.0.RELEASE.jar;D:\developer_tools\RepMaven\io\projectreactor\addons\reactor-extra\3.3.0.RELEASE\reactor-extra-3.3.0.RELEASE.jar;D:\developer_tools\RepMaven\io\projectreactor\reactor-core\3.3.0.RELEASE\reactor-core-3.3.0.RELEASE.jar;D:\developer_tools\RepMaven\org\reactivestreams\reactive-streams\1.0.3\reactive-streams-1.0.3.jar;D:\developer_tools\RepMaven\org\springframework\boot\spring-boot-starter-webflux\2.2.1.RELEASE\spring-boot-starter-webflux-2.2.1.RELEASE.jar;D:\developer_tools\RepMaven\org\springframework\boot\spring-boot-starter-json\2.2.1.RELEASE\spring-boot-starter-json-2.2.1.RELEASE.jar;D:\developer_tools\RepMaven\com\fasterxml\jackson\core\jackson-databind\2.10.0\jackson-databind-2.10.0.jar;D:\developer_tools\RepMaven\com\fasterxml\jackson\datatype\jackson-datatype-jdk8\2.10.0\jackson-datatype-jdk8-2.10.0.jar;D:\developer_tools\RepMaven\com\fasterxml\jackson\datatype\jackson-datatype-jsr310\2.10.0\jackson-datatype-jsr310-2.10.0.jar;D:\developer_tools\RepMaven\com\fasterxml\jackson\module\jackson-module-parameter-names\2.10.0\jackson-module-parameter-names-2.10.0.jar;D:\developer_tools\RepMaven\org\springframework\boot\spring-boot-starter-reactor-netty\2.2.1.RELEASE\spring-boot-starter-reactor-netty-2.2.1.RELEASE.jar;D:\developer_tools\RepMaven\io\projectreactor\netty\reactor-netty\0.9.1.RELEASE\reactor-netty-0.9.1.RELEASE.jar;D:\developer_tools\RepMaven\io\netty\netty-codec-http\4.1.43.Final\netty-codec-http-4.1.43.Final.jar;D:\developer_tools\RepMaven\io\netty\netty-common\4.1.43.Final\netty-common-4.1.43.Final.jar;D:\developer_tools\RepMaven\io\netty\netty-buffer\4.1.43.Final\netty-buffer-4.1.43.Final.jar;D:\developer_tools\RepMaven\io\netty\netty-transport\4.1.43.Final\netty-transport-4.1.43.Final.jar;D:\developer_tools\RepMaven\io\netty\netty-resolver\4.1.43.Final\netty-resolver-4.1.43.Final.jar;D:\developer_tools\RepMaven\io\netty\netty-codec\4.1.43.Final\netty-codec-4.1.43.Final.jar;D:\developer_tools\RepMaven\io\netty\netty-codec-http2\4.1.43.Final\netty-codec-http2-4.1.43.Final.jar;D:\developer_tools\RepMaven\io\netty\netty-handler\4.1.43.Final\netty-handler-4.1.43.Final.jar;D:\developer_tools\RepMaven\io\netty\netty-handler-proxy\4.1.43.Final\netty-handler-proxy-4.1.43.Final.jar;D:\developer_tools\RepMaven\io\netty\netty-codec-socks\4.1.43.Final\netty-codec-socks-4.1.43.Final.jar;D:\developer_tools\RepMaven\io\netty\netty-transport-native-epoll\4.1.43.Final\netty-transport-native-epoll-4.1.43.Final-linux-x86_64.jar;D:\developer_tools\RepMaven\io\netty\netty-transport-native-unix-common\4.1.43.Final\netty-transport-native-unix-common-4.1.43.Final.jar;D:\developer_tools\RepMaven\org\glassfish\jakarta.el\3.0.3\jakarta.el-3.0.3.jar;D:\developer_tools\RepMaven\org\springframework\boot\spring-boot-starter-validation\2.2.1.RELEASE\spring-boot-starter-validation-2.2.1.RELEASE.jar;D:\developer_tools\RepMaven\jakarta\validation\jakarta.validation-api\2.0.1\jakarta.validation-api-2.0.1.jar;D:\developer_tools\RepMaven\org\hibernate\validator\hibernate-validator\6.0.18.Final\hibernate-validator-6.0.18.Final.jar;D:\developer_tools\RepMaven\org\jboss\logging\jboss-logging\3.4.1.Final\jboss-logging-3.4.1.Final.jar;D:\developer_tools\RepMaven\org\springframework\spring-web\5.2.1.RELEASE\spring-web-5.2.1.RELEASE.jar;D:\developer_tools\RepMaven\org\springframework\spring-webflux\5.2.1.RELEASE\spring-webflux-5.2.1.RELEASE.jar;D:\developer_tools\RepMaven\org\synchronoss\cloud\nio-multipart-parser\1.1.0\nio-multipart-parser-1.1.0.jar;D:\developer_tools\RepMaven\org\synchronoss\cloud\nio-stream-storage\1.1.3\nio-stream-storage-1.1.3.jar;D:\developer_tools\RepMaven\org\springframework\boot\spring-boot-starter-test\2.2.1.RELEASE\spring-boot-starter-test-2.2.1.RELEASE.jar;D:\developer_tools\RepMaven\org\springframework\boot\spring-boot-starter\2.2.1.RELEASE\spring-boot-starter-2.2.1.RELEASE.jar;D:\developer_tools\RepMaven\org\springframework\boot\spring-boot\2.2.1.RELEASE\spring-boot-2.2.1.RELEASE.jar;D:\developer_tools\RepMaven\org\springframework\boot\spring-boot-autoconfigure\2.2.1.RELEASE\spring-boot-autoconfigure-2.2.1.RELEASE.jar;D:\developer_tools\RepMaven\org\springframework\boot\spring-boot-starter-logging\2.2.1.RELEASE\spring-boot-starter-logging-2.2.1.RELEASE.jar;D:\developer_tools\RepMaven\ch\qos\logback\logback-classic\1.2.3\logback-classic-1.2.3.jar;D:\developer_tools\RepMaven\ch\qos\logback\logback-core\1.2.3\logback-core-1.2.3.jar;D:\developer_tools\RepMaven\org\apache\logging\log4j\log4j-to-slf4j\2.12.1\log4j-to-slf4j-2.12.1.jar;D:\developer_tools\RepMaven\org\apache\logging\log4j\log4j-api\2.12.1\log4j-api-2.12.1.jar;D:\developer_tools\RepMaven\org\slf4j\jul-to-slf4j\1.7.29\jul-to-slf4j-1.7.29.jar;D:\developer_tools\RepMaven\jakarta\annotation\jakarta.annotation-api\1.3.5\jakarta.annotation-api-1.3.5.jar;D:\developer_tools\RepMaven\org\yaml\snakeyaml\1.25\snakeyaml-1.25.jar;D:\developer_tools\RepMaven\org\springframework\boot\spring-boot-test\2.2.1.RELEASE\spring-boot-test-2.2.1.RELEASE.jar;D:\developer_tools\RepMaven\org\springframework\boot\spring-boot-test-autoconfigure\2.2.1.RELEASE\spring-boot-test-autoconfigure-2.2.1.RELEASE.jar;D:\developer_tools\RepMaven\com\jayway\jsonpath\json-path\2.4.0\json-path-2.4.0.jar;D:\developer_tools\RepMaven\net\minidev\json-smart\2.3\json-smart-2.3.jar;D:\developer_tools\RepMaven\net\minidev\accessors-smart\1.2\accessors-smart-1.2.jar;D:\developer_tools\RepMaven\org\ow2\asm\asm\5.0.4\asm-5.0.4.jar;D:\developer_tools\RepMaven\jakarta\xml\bind\jakarta.xml.bind-api\2.3.2\jakarta.xml.bind-api-2.3.2.jar;D:\developer_tools\RepMaven\jakarta\activation\jakarta.activation-api\1.2.1\jakarta.activation-api-1.2.1.jar;D:\developer_tools\RepMaven\org\junit\jupiter\junit-jupiter\5.5.2\junit-jupiter-5.5.2.jar;D:\developer_tools\RepMaven\org\junit\jupiter\junit-jupiter-api\5.5.2\junit-jupiter-api-5.5.2.jar;D:\developer_tools\RepMaven\org\apiguardian\apiguardian-api\1.1.0\apiguardian-api-1.1.0.jar;D:\developer_tools\RepMaven\org\opentest4j\opentest4j\1.2.0\opentest4j-1.2.0.jar;D:\developer_tools\RepMaven\org\junit\platform\junit-platform-commons\1.5.2\junit-platform-commons-1.5.2.jar;D:\developer_tools\RepMaven\org\junit\jupiter\junit-jupiter-params\5.5.2\junit-jupiter-params-5.5.2.jar;D:\developer_tools\RepMaven\org\junit\jupiter\junit-jupiter-engine\5.5.2\junit-jupiter-engine-5.5.2.jar;D:\developer_tools\RepMaven\org\junit\platform\junit-platform-engine\1.5.2\junit-platform-engine-1.5.2.jar;D:\developer_tools\RepMaven\org\mockito\mockito-junit-jupiter\3.1.0\mockito-junit-jupiter-3.1.0.jar;D:\developer_tools\RepMaven\org\assertj\assertj-core\3.13.2\assertj-core-3.13.2.jar;D:\developer_tools\RepMaven\org\hamcrest\hamcrest\2.1\hamcrest-2.1.jar;D:\developer_tools\RepMaven\org\mockito\mockito-core\3.1.0\mockito-core-3.1.0.jar;D:\developer_tools\RepMaven\net\bytebuddy\byte-buddy\1.10.2\byte-buddy-1.10.2.jar;D:\developer_tools\RepMaven\net\bytebuddy\byte-buddy-agent\1.10.2\byte-buddy-agent-1.10.2.jar;D:\developer_tools\RepMaven\org\objenesis\objenesis\2.6\objenesis-2.6.jar;D:\developer_tools\RepMaven\org\skyscreamer\jsonassert\1.5.0\jsonassert-1.5.0.jar;D:\developer_tools\RepMaven\com\vaadin\external\google\android-json\0.0.20131108.vaadin1\android-json-0.0.20131108.vaadin1.jar;D:\developer_tools\RepMaven\org\springframework\spring-core\5.2.1.RELEASE\spring-core-5.2.1.RELEASE.jar;D:\developer_tools\RepMaven\org\springframework\spring-jcl\5.2.1.RELEASE\spring-jcl-5.2.1.RELEASE.jar;D:\developer_tools\RepMaven\org\springframework\spring-test\5.2.1.RELEASE\spring-test-5.2.1.RELEASE.jar;D:\developer_tools\RepMaven\org\xmlunit\xmlunit-core\2.6.3\xmlunit-core-2.6.3.jar;"/>
    <property name="sun.cpu.endian" value="little"/>
    <property name="user.home" value="C:\Users\赵志毅"/>
    <property name="user.language" value="zh"/>
    <property name="java.specification.vendor" value="Oracle Corporation"/>
    <property name="java.home" value="D:\developer_tools\java\jdk1.8.0_202\jre"/>
    <property name="basedir" value="D:\workspace_idea0722\gmall\gmall-gateway"/>
    <property name="file.separator" value="\"/>
    <property name="line.separator" value="&#10;"/>
    <property name="java.vm.specification.vendor" value="Oracle Corporation"/>
    <property name="java.specification.name" value="Java Platform API Specification"/>
    <property name="java.awt.graphicsenv" value="sun.awt.Win32GraphicsEnvironment"/>
    <property name="surefire.real.class.path" value="C:\Users\赵志毅\AppData\Local\Temp\surefire46468173192340673\surefirebooter7067296044389541448.jar"/>
    <property name="sun.boot.class.path" value="D:\developer_tools\java\jdk1.8.0_202\jre\lib\resources.jar;D:\developer_tools\java\jdk1.8.0_202\jre\lib\rt.jar;D:\developer_tools\java\jdk1.8.0_202\jre\lib\sunrsasign.jar;D:\developer_tools\java\jdk1.8.0_202\jre\lib\jsse.jar;D:\developer_tools\java\jdk1.8.0_202\jre\lib\jce.jar;D:\developer_tools\java\jdk1.8.0_202\jre\lib\charsets.jar;D:\developer_tools\java\jdk1.8.0_202\jre\lib\jfr.jar;D:\developer_tools\java\jdk1.8.0_202\jre\classes"/>
    <property name="user.script" value=""/>
    <property name="sun.management.compiler" value="HotSpot 64-Bit Tiered Compilers"/>
    <property name="java.runtime.version" value="1.8.0_202-b08"/>
    <property name="user.name" value="赵志毅"/>
    <property name="path.separator" value=";"/>
    <property name="os.version" value="10.0"/>
    <property name="java.endorsed.dirs" value="D:\developer_tools\java\jdk1.8.0_202\jre\lib\endorsed"/>
    <property name="java.runtime.name" value="Java(TM) SE Runtime Environment"/>
    <property name="file.encoding" value="GBK"/>
    <property name="java.vm.name" value="Java HotSpot(TM) 64-Bit Server VM"/>
    <property name="localRepository" value="D:\developer_tools\RepMaven"/>
    <property name="java.vendor.url.bug" value="http://bugreport.sun.com/bugreport/"/>
    <property name="java.io.tmpdir" value="C:\Users\赵志毅\AppData\Local\Temp\"/>
    <property name="java.version" value="1.8.0_202"/>
    <property name="user.dir" value="D:\workspace_idea0722\gmall\gmall-gateway"/>
    <property name="os.arch" value="amd64"/>
    <property name="java.vm.specification.name" value="Java Virtual Machine Specification"/>
    <property name="java.awt.printerjob" value="sun.awt.windows.WPrinterJob"/>
    <property name="sun.os.patch.level" value=""/>
    <property name="idea.version2019.1" value="true"/>
    <property name="java.library.path" value="D:\developer_tools\java\jdk1.8.0_202\jre\bin;C:\WINDOWS\Sun\Java\bin;C:\WINDOWS\system32;C:\WINDOWS;D:\developer_tools\apache-maven-3.5.4\bin;D:\developer_tools\java\jdk1.8.0_202\bin;C:\Program Files (x86)\Common Files\Oracle\Java\javapath;C:\ProgramData\Oracle\Java\javapath;C:\Windows\system32;C:\Windows;C:\Windows\System32\Wbem;C:\Windows\System32\WindowsPowerShell\v1.0\;C:\Windows\System32\OpenSSH\;C:\Program Files (x86)\NVIDIA Corporation\PhysX\Common;C:\Program Files\Intel\WiFi\bin\;C:\Program Files\Common Files\Intel\WirelessCommon\;C:\Program Files\NVIDIA Corporation\NVIDIA NvDLISR;D:\Program Files\MySQL\MySQL Server 5.5\bin;D:\developer_tools\bin;D:\developer_tools\mysql-5.5.62-winx64\bin;C:\WINDOWS\system32;C:\WINDOWS;C:\WINDOWS\System32\Wbem;C:\WINDOWS\System32\WindowsPowerShell\v1.0\;C:\WINDOWS\System32\OpenSSH\;C:\Program Files\TortoiseGit\bin;D:\developer_tools\Git\cmd;D:\developer_tools\nodejs\;C:\Users\赵志毅\AppData\Local\Microsoft\WindowsApps;C:\Program Files\Bandizip\;C:\Users\赵志毅\AppData\Roaming\npm;."/>
    <property name="java.vm.info" value="mixed mode"/>
    <property name="java.vendor" value="Oracle Corporation"/>
    <property name="java.vm.version" value="25.202-b08"/>
    <property name="java.ext.dirs" value="D:\developer_tools\java\jdk1.8.0_202\jre\lib\ext;C:\WINDOWS\Sun\Java\lib\ext"/>
    <property name="sun.io.unicode.encoding" value="UnicodeLittle"/>
    <property name="maven.repo.local" value="D:\developer_tools\RepMaven"/>
    <property name="java.class.version" value="52.0"/>
  </properties>
  <testcase name="contextLoads" classname="com.atguigu.gmall.gateway.GmallGatewayApplicationTests" time="0.299"/>
</testsuite>