<?xml version="1.0" encoding="UTF-8"?>
<testsuite xmlns:xsi="http://www.w3.org/2001/XMLSchema-instance" xsi:noNamespaceSchemaLocation="https://maven.apache.org/surefire/maven-surefire-plugin/xsd/surefire-test-report.xsd" name="com.atguigu.gmall.sms.GmallSmsApplicationTests" time="11.483" tests="1" errors="1" skipped="0" failures="0">
  <properties>
    <property name="sun.desktop" value="windows"/>
    <property name="awt.toolkit" value="sun.awt.windows.WToolkit"/>
    <property name="file.encoding.pkg" value="sun.io"/>
    <property name="java.specification.version" value="1.8"/>
    <property name="sun.cpu.isalist" value="amd64"/>
    <property name="sun.jnu.encoding" value="GBK"/>
    <property name="java.class.path" value="D:\workspace_idea0722\gmall\gmall-sms\target\test-classes;D:\workspace_idea0722\gmall\gmall-sms\target\classes;D:\workspace_idea0722\gmall\gmall-core\target\gmall-core-1.0-SNAPSHOT.jar;D:\developer_tools\RepMaven\org\springframework\cloud\spring-cloud-starter-alibaba-nacos-discovery\0.2.2.RELEASE\spring-cloud-starter-alibaba-nacos-discovery-0.2.2.RELEASE.jar;D:\developer_tools\RepMaven\org\springframework\cloud\spring-cloud-alibaba-nacos-discovery\0.2.2.RELEASE\spring-cloud-alibaba-nacos-discovery-0.2.2.RELEASE.jar;D:\developer_tools\RepMaven\com\alibaba\nacos\nacos-client\1.0.0\nacos-client-1.0.0.jar;D:\developer_tools\RepMaven\com\alibaba\nacos\nacos-common\1.0.0\nacos-common-1.0.0.jar;D:\developer_tools\RepMaven\com\alibaba\nacos\nacos-api\1.0.0\nacos-api-1.0.0.jar;D:\developer_tools\RepMaven\commons-codec\commons-codec\1.13\commons-codec-1.13.jar;D:\developer_tools\RepMaven\io\prometheus\simpleclient\0.5.0\simpleclient-0.5.0.jar;D:\developer_tools\RepMaven\org\springframework\cloud\spring-cloud-starter-netflix-ribbon\2.2.0.RELEASE\spring-cloud-starter-netflix-ribbon-2.2.0.RELEASE.jar;D:\developer_tools\RepMaven\com\netflix\ribbon\ribbon\2.3.0\ribbon-2.3.0.jar;D:\developer_tools\RepMaven\com\netflix\ribbon\ribbon-transport\2.3.0\ribbon-transport-2.3.0.jar;D:\developer_tools\RepMaven\io\reactivex\rxnetty-contexts\0.4.9\rxnetty-contexts-0.4.9.jar;D:\developer_tools\RepMaven\io\reactivex\rxnetty-servo\0.4.9\rxnetty-servo-0.4.9.jar;D:\developer_tools\RepMaven\javax\inject\javax.inject\1\javax.inject-1.jar;D:\developer_tools\RepMaven\io\reactivex\rxnetty\0.4.9\rxnetty-0.4.9.jar;D:\developer_tools\RepMaven\com\netflix\ribbon\ribbon-core\2.3.0\ribbon-core-2.3.0.jar;D:\developer_tools\RepMaven\com\netflix\ribbon\ribbon-httpclient\2.3.0\ribbon-httpclient-2.3.0.jar;D:\developer_tools\RepMaven\commons-collections\commons-collections\3.2.2\commons-collections-3.2.2.jar;D:\developer_tools\RepMaven\org\apache\httpcomponents\httpclient\4.5.10\httpclient-4.5.10.jar;D:\developer_tools\RepMaven\org\apache\httpcomponents\httpcore\4.4.12\httpcore-4.4.12.jar;D:\developer_tools\RepMaven\com\sun\jersey\jersey-client\1.19.1\jersey-client-1.19.1.jar;D:\developer_tools\RepMaven\com\sun\jersey\jersey-core\1.19.1\jersey-core-1.19.1.jar;D:\developer_tools\RepMaven\javax\ws\rs\jsr311-api\1.1.1\jsr311-api-1.1.1.jar;D:\developer_tools\RepMaven\com\sun\jersey\contribs\jersey-apache-client4\1.19.1\jersey-apache-client4-1.19.1.jar;D:\developer_tools\RepMaven\com\netflix\servo\servo-core\0.12.21\servo-core-0.12.21.jar;D:\developer_tools\RepMaven\com\netflix\netflix-commons\netflix-commons-util\0.3.0\netflix-commons-util-0.3.0.jar;D:\developer_tools\RepMaven\com\netflix\ribbon\ribbon-loadbalancer\2.3.0\ribbon-loadbalancer-2.3.0.jar;D:\developer_tools\RepMaven\com\netflix\netflix-commons\netflix-statistics\0.1.1\netflix-statistics-0.1.1.jar;D:\developer_tools\RepMaven\org\springframework\cloud\spring-cloud-starter-alibaba-nacos-config\0.2.2.RELEASE\spring-cloud-starter-alibaba-nacos-config-0.2.2.RELEASE.jar;D:\developer_tools\RepMaven\org\springframework\cloud\spring-cloud-alibaba-nacos-config\0.2.2.RELEASE\spring-cloud-alibaba-nacos-config-0.2.2.RELEASE.jar;D:\developer_tools\RepMaven\com\baomidou\mybatis-plus-boot-starter\3.0.7.1\mybatis-plus-boot-starter-3.0.7.1.jar;D:\developer_tools\RepMaven\org\springframework\boot\spring-boot-autoconfigure\2.2.1.RELEASE\spring-boot-autoconfigure-2.2.1.RELEASE.jar;D:\developer_tools\RepMaven\org\springframework\boot\spring-boot-starter-jdbc\2.2.1.RELEASE\spring-boot-starter-jdbc-2.2.1.RELEASE.jar;D:\developer_tools\RepMaven\com\zaxxer\HikariCP\3.4.1\HikariCP-3.4.1.jar;D:\developer_tools\RepMaven\org\springframework\spring-jdbc\5.2.1.RELEASE\spring-jdbc-5.2.1.RELEASE.jar;D:\developer_tools\RepMaven\io\jsonwebtoken\jjwt-api\0.10.7\jjwt-api-0.10.7.jar;D:\developer_tools\RepMaven\io\jsonwebtoken\jjwt-impl\0.10.7\jjwt-impl-0.10.7.jar;D:\developer_tools\RepMaven\org\apache\tomcat\embed\tomcat-embed-core\9.0.27\tomcat-embed-core-9.0.27.jar;D:\developer_tools\RepMaven\org\apache\tomcat\tomcat-annotations-api\9.0.27\tomcat-annotations-api-9.0.27.jar;D:\developer_tools\RepMaven\io\jsonwebtoken\jjwt-jackson\0.10.7\jjwt-jackson-0.10.7.jar;D:\developer_tools\RepMaven\com\fasterxml\jackson\core\jackson-databind\2.10.0\jackson-databind-2.10.0.jar;D:\developer_tools\RepMaven\joda-time\joda-time\2.10.5\joda-time-2.10.5.jar;D:\developer_tools\RepMaven\com\baomidou\mybatis-plus\3.0.7.1\mybatis-plus-3.0.7.1.jar;D:\developer_tools\RepMaven\com\baomidou\mybatis-plus-extension\3.0.7.1\mybatis-plus-extension-3.0.7.1.jar;D:\developer_tools\RepMaven\com\baomidou\mybatis-plus-core\3.0.7.1\mybatis-plus-core-3.0.7.1.jar;D:\developer_tools\RepMaven\com\baomidou\mybatis-plus-annotation\3.0.7.1\mybatis-plus-annotation-3.0.7.1.jar;D:\developer_tools\RepMaven\com\github\jsqlparser\jsqlparser\1.3\jsqlparser-1.3.jar;D:\developer_tools\RepMaven\org\mybatis\mybatis-spring\1.3.2\mybatis-spring-1.3.2.jar;D:\developer_tools\RepMaven\org\mybatis\mybatis\3.4.6\mybatis-3.4.6.jar;D:\developer_tools\RepMaven\mysql\mysql-connector-java\5.1.46\mysql-connector-java-5.1.46.jar;D:\developer_tools\RepMaven\io\springfox\springfox-swagger2\2.9.2\springfox-swagger2-2.9.2.jar;D:\developer_tools\RepMaven\io\swagger\swagger-annotations\1.5.20\swagger-annotations-1.5.20.jar;D:\developer_tools\RepMaven\io\swagger\swagger-models\1.5.20\swagger-models-1.5.20.jar;D:\developer_tools\RepMaven\io\springfox\springfox-spi\2.9.2\springfox-spi-2.9.2.jar;D:\developer_tools\RepMaven\io\springfox\springfox-core\2.9.2\springfox-core-2.9.2.jar;D:\developer_tools\RepMaven\io\springfox\springfox-schema\2.9.2\springfox-schema-2.9.2.jar;D:\developer_tools\RepMaven\io\springfox\springfox-swagger-common\2.9.2\springfox-swagger-common-2.9.2.jar;D:\developer_tools\RepMaven\io\springfox\springfox-spring-web\2.9.2\springfox-spring-web-2.9.2.jar;D:\developer_tools\RepMaven\com\google\guava\guava\20.0\guava-20.0.jar;D:\developer_tools\RepMaven\com\fasterxml\classmate\1.5.1\classmate-1.5.1.jar;D:\developer_tools\RepMaven\org\springframework\plugin\spring-plugin-core\1.2.0.RELEASE\spring-plugin-core-1.2.0.RELEASE.jar;D:\developer_tools\RepMaven\org\springframework\plugin\spring-plugin-metadata\1.2.0.RELEASE\spring-plugin-metadata-1.2.0.RELEASE.jar;D:\developer_tools\RepMaven\org\mapstruct\mapstruct\1.2.0.Final\mapstruct-1.2.0.Final.jar;D:\developer_tools\RepMaven\io\springfox\springfox-swagger-ui\2.9.2\springfox-swagger-ui-2.9.2.jar;D:\developer_tools\RepMaven\org\projectlombok\lombok\1.18.10\lombok-1.18.10.jar;D:\workspace_idea0722\gmall\gmall-sms-interface\target\gmall-sms-interface-0.0.1-SNAPSHOT.jar;D:\developer_tools\RepMaven\org\springframework\spring-webmvc\5.2.1.RELEASE\spring-webmvc-5.2.1.RELEASE.jar;D:\developer_tools\RepMaven\org\springframework\spring-expression\5.2.1.RELEASE\spring-expression-5.2.1.RELEASE.jar;D:\developer_tools\RepMaven\com\alibaba\cloud\spring-cloud-alibaba-seata\2.0.0.RELEASE\spring-cloud-alibaba-seata-2.0.0.RELEASE.jar;D:\developer_tools\RepMaven\org\springframework\boot\spring-boot-starter-aop\2.2.1.RELEASE\spring-boot-starter-aop-2.2.1.RELEASE.jar;D:\developer_tools\RepMaven\org\aspectj\aspectjweaver\1.9.4\aspectjweaver-1.9.4.jar;D:\developer_tools\RepMaven\io\seata\seata-all\0.9.0\seata-all-0.9.0.jar;D:\developer_tools\RepMaven\org\springframework\spring-context\5.2.1.RELEASE\spring-context-5.2.1.RELEASE.jar;D:\developer_tools\RepMaven\org\springframework\spring-core\5.2.1.RELEASE\spring-core-5.2.1.RELEASE.jar;D:\developer_tools\RepMaven\org\springframework\spring-jcl\5.2.1.RELEASE\spring-jcl-5.2.1.RELEASE.jar;D:\developer_tools\RepMaven\org\springframework\spring-beans\5.2.1.RELEASE\spring-beans-5.2.1.RELEASE.jar;D:\developer_tools\RepMaven\org\springframework\spring-aop\5.2.1.RELEASE\spring-aop-5.2.1.RELEASE.jar;D:\developer_tools\RepMaven\io\netty\netty-all\4.1.43.Final\netty-all-4.1.43.Final.jar;D:\developer_tools\RepMaven\com\alibaba\fastjson\1.2.60\fastjson-1.2.60.jar;D:\developer_tools\RepMaven\com\alibaba\druid\1.1.12\druid-1.1.12.jar;D:\developer_tools\RepMaven\com\typesafe\config\1.2.1\config-1.2.1.jar;D:\developer_tools\RepMaven\org\slf4j\slf4j-api\1.7.29\slf4j-api-1.7.29.jar;D:\developer_tools\RepMaven\commons-lang\commons-lang\2.6\commons-lang-2.6.jar;D:\developer_tools\RepMaven\org\apache\commons\commons-pool2\2.7.0\commons-pool2-2.7.0.jar;D:\developer_tools\RepMaven\commons-pool\commons-pool\1.6\commons-pool-1.6.jar;D:\developer_tools\RepMaven\com\google\protobuf\protobuf-java\3.7.1\protobuf-java-3.7.1.jar;D:\developer_tools\RepMaven\cglib\cglib\3.1\cglib-3.1.jar;D:\developer_tools\RepMaven\org\ow2\asm\asm\4.2\asm-4.2.jar;D:\developer_tools\RepMaven\aopalliance\aopalliance\1.0\aopalliance-1.0.jar;D:\developer_tools\RepMaven\com\github\ben-manes\caffeine\caffeine\2.8.0\caffeine-2.8.0.jar;D:\developer_tools\RepMaven\org\checkerframework\checker-qual\2.10.0\checker-qual-2.10.0.jar;D:\developer_tools\RepMaven\com\google\errorprone\error_prone_annotations\2.3.3\error_prone_annotations-2.3.3.jar;D:\developer_tools\RepMaven\org\springframework\boot\spring-boot-starter-actuator\2.2.1.RELEASE\spring-boot-starter-actuator-2.2.1.RELEASE.jar;D:\developer_tools\RepMaven\org\springframework\boot\spring-boot-starter\2.2.1.RELEASE\spring-boot-starter-2.2.1.RELEASE.jar;D:\developer_tools\RepMaven\org\springframework\boot\spring-boot\2.2.1.RELEASE\spring-boot-2.2.1.RELEASE.jar;D:\developer_tools\RepMaven\org\springframework\boot\spring-boot-starter-logging\2.2.1.RELEASE\spring-boot-starter-logging-2.2.1.RELEASE.jar;D:\developer_tools\RepMaven\ch\qos\logback\logback-classic\1.2.3\logback-classic-1.2.3.jar;D:\developer_tools\RepMaven\ch\qos\logback\logback-core\1.2.3\logback-core-1.2.3.jar;D:\developer_tools\RepMaven\org\apache\logging\log4j\log4j-to-slf4j\2.12.1\log4j-to-slf4j-2.12.1.jar;D:\developer_tools\RepMaven\org\apache\logging\log4j\log4j-api\2.12.1\log4j-api-2.12.1.jar;D:\developer_tools\RepMaven\org\slf4j\jul-to-slf4j\1.7.29\jul-to-slf4j-1.7.29.jar;D:\developer_tools\RepMaven\jakarta\annotation\jakarta.annotation-api\1.3.5\jakarta.annotation-api-1.3.5.jar;D:\developer_tools\RepMaven\org\yaml\snakeyaml\1.25\snakeyaml-1.25.jar;D:\developer_tools\RepMaven\org\springframework\boot\spring-boot-actuator-autoconfigure\2.2.1.RELEASE\spring-boot-actuator-autoconfigure-2.2.1.RELEASE.jar;D:\developer_tools\RepMaven\org\springframework\boot\spring-boot-actuator\2.2.1.RELEASE\spring-boot-actuator-2.2.1.RELEASE.jar;D:\developer_tools\RepMaven\com\fasterxml\jackson\datatype\jackson-datatype-jsr310\2.10.0\jackson-datatype-jsr310-2.10.0.jar;D:\developer_tools\RepMaven\io\micrometer\micrometer-core\1.3.1\micrometer-core-1.3.1.jar;D:\developer_tools\RepMaven\org\hdrhistogram\HdrHistogram\2.1.11\HdrHistogram-2.1.11.jar;D:\developer_tools\RepMaven\org\latencyutils\LatencyUtils\2.0.3\LatencyUtils-2.0.3.jar;D:\developer_tools\RepMaven\org\springframework\boot\spring-boot-starter-data-redis\2.2.1.RELEASE\spring-boot-starter-data-redis-2.2.1.RELEASE.jar;D:\developer_tools\RepMaven\org\springframework\data\spring-data-redis\2.2.1.RELEASE\spring-data-redis-2.2.1.RELEASE.jar;D:\developer_tools\RepMaven\org\springframework\data\spring-data-keyvalue\2.2.1.RELEASE\spring-data-keyvalue-2.2.1.RELEASE.jar;D:\developer_tools\RepMaven\org\springframework\data\spring-data-commons\2.2.1.RELEASE\spring-data-commons-2.2.1.RELEASE.jar;D:\developer_tools\RepMaven\org\springframework\spring-tx\5.2.1.RELEASE\spring-tx-5.2.1.RELEASE.jar;D:\developer_tools\RepMaven\org\springframework\spring-oxm\5.2.1.RELEASE\spring-oxm-5.2.1.RELEASE.jar;D:\developer_tools\RepMaven\org\springframework\spring-context-support\5.2.1.RELEASE\spring-context-support-5.2.1.RELEASE.jar;D:\developer_tools\RepMaven\io\lettuce\lettuce-core\5.2.1.RELEASE\lettuce-core-5.2.1.RELEASE.jar;D:\developer_tools\RepMaven\io\netty\netty-common\4.1.43.Final\netty-common-4.1.43.Final.jar;D:\developer_tools\RepMaven\io\netty\netty-handler\4.1.43.Final\netty-handler-4.1.43.Final.jar;D:\developer_tools\RepMaven\io\netty\netty-buffer\4.1.43.Final\netty-buffer-4.1.43.Final.jar;D:\developer_tools\RepMaven\io\netty\netty-codec\4.1.43.Final\netty-codec-4.1.43.Final.jar;D:\developer_tools\RepMaven\io\netty\netty-transport\4.1.43.Final\netty-transport-4.1.43.Final.jar;D:\developer_tools\RepMaven\io\netty\netty-resolver\4.1.43.Final\netty-resolver-4.1.43.Final.jar;D:\developer_tools\RepMaven\io\projectreactor\reactor-core\3.3.0.RELEASE\reactor-core-3.3.0.RELEASE.jar;D:\developer_tools\RepMaven\org\springframework\boot\spring-boot-starter-security\2.2.1.RELEASE\spring-boot-starter-security-2.2.1.RELEASE.jar;D:\developer_tools\RepMaven\org\springframework\security\spring-security-config\5.2.1.RELEASE\spring-security-config-5.2.1.RELEASE.jar;D:\developer_tools\RepMaven\org\springframework\security\spring-security-web\5.2.1.RELEASE\spring-security-web-5.2.1.RELEASE.jar;D:\developer_tools\RepMaven\org\springframework\boot\spring-boot-starter-web\2.2.1.RELEASE\spring-boot-starter-web-2.2.1.RELEASE.jar;D:\developer_tools\RepMaven\org\springframework\boot\spring-boot-starter-json\2.2.1.RELEASE\spring-boot-starter-json-2.2.1.RELEASE.jar;D:\developer_tools\RepMaven\com\fasterxml\jackson\datatype\jackson-datatype-jdk8\2.10.0\jackson-datatype-jdk8-2.10.0.jar;D:\developer_tools\RepMaven\com\fasterxml\jackson\module\jackson-module-parameter-names\2.10.0\jackson-module-parameter-names-2.10.0.jar;D:\developer_tools\RepMaven\org\springframework\boot\spring-boot-starter-tomcat\2.2.1.RELEASE\spring-boot-starter-tomcat-2.2.1.RELEASE.jar;D:\developer_tools\RepMaven\org\apache\tomcat\embed\tomcat-embed-el\9.0.27\tomcat-embed-el-9.0.27.jar;D:\developer_tools\RepMaven\org\apache\tomcat\embed\tomcat-embed-websocket\9.0.27\tomcat-embed-websocket-9.0.27.jar;D:\developer_tools\RepMaven\org\springframework\boot\spring-boot-starter-validation\2.2.1.RELEASE\spring-boot-starter-validation-2.2.1.RELEASE.jar;D:\developer_tools\RepMaven\jakarta\validation\jakarta.validation-api\2.0.1\jakarta.validation-api-2.0.1.jar;D:\developer_tools\RepMaven\org\hibernate\validator\hibernate-validator\6.0.18.Final\hibernate-validator-6.0.18.Final.jar;D:\developer_tools\RepMaven\org\jboss\logging\jboss-logging\3.4.1.Final\jboss-logging-3.4.1.Final.jar;D:\developer_tools\RepMaven\org\springframework\spring-web\5.2.1.RELEASE\spring-web-5.2.1.RELEASE.jar;D:\developer_tools\RepMaven\org\springframework\cloud\spring-cloud-starter-netflix-hystrix\2.2.0.RELEASE\spring-cloud-starter-netflix-hystrix-2.2.0.RELEASE.jar;D:\developer_tools\RepMaven\org\springframework\cloud\spring-cloud-starter\2.2.0.RELEASE\spring-cloud-starter-2.2.0.RELEASE.jar;D:\developer_tools\RepMaven\org\springframework\cloud\spring-cloud-context\2.2.0.RELEASE\spring-cloud-context-2.2.0.RELEASE.jar;D:\developer_tools\RepMaven\org\springframework\security\spring-security-rsa\1.0.7.RELEASE\spring-security-rsa-1.0.7.RELEASE.jar;D:\developer_tools\RepMaven\org\bouncycastle\bcpkix-jdk15on\1.60\bcpkix-jdk15on-1.60.jar;D:\developer_tools\RepMaven\org\bouncycastle\bcprov-jdk15on\1.60\bcprov-jdk15on-1.60.jar;D:\developer_tools\RepMaven\org\springframework\cloud\spring-cloud-netflix-hystrix\2.2.0.RELEASE\spring-cloud-netflix-hystrix-2.2.0.RELEASE.jar;D:\developer_tools\RepMaven\org\springframework\cloud\spring-cloud-netflix-ribbon\2.2.0.RELEASE\spring-cloud-netflix-ribbon-2.2.0.RELEASE.jar;D:\developer_tools\RepMaven\org\springframework\cloud\spring-cloud-netflix-archaius\2.2.0.RELEASE\spring-cloud-netflix-archaius-2.2.0.RELEASE.jar;D:\developer_tools\RepMaven\org\springframework\cloud\spring-cloud-starter-netflix-archaius\2.2.0.RELEASE\spring-cloud-starter-netflix-archaius-2.2.0.RELEASE.jar;D:\developer_tools\RepMaven\com\netflix\archaius\archaius-core\0.7.6\archaius-core-0.7.6.jar;D:\developer_tools\RepMaven\com\google\code\findbugs\jsr305\3.0.1\jsr305-3.0.1.jar;D:\developer_tools\RepMaven\commons-configuration\commons-configuration\1.8\commons-configuration-1.8.jar;D:\developer_tools\RepMaven\com\netflix\hystrix\hystrix-core\1.5.18\hystrix-core-1.5.18.jar;D:\developer_tools\RepMaven\io\reactivex\rxjava\1.3.8\rxjava-1.3.8.jar;D:\developer_tools\RepMaven\com\netflix\hystrix\hystrix-serialization\1.5.18\hystrix-serialization-1.5.18.jar;D:\developer_tools\RepMaven\com\fasterxml\jackson\module\jackson-module-afterburner\2.10.0\jackson-module-afterburner-2.10.0.jar;D:\developer_tools\RepMaven\com\fasterxml\jackson\core\jackson-core\2.10.0\jackson-core-2.10.0.jar;D:\developer_tools\RepMaven\com\fasterxml\jackson\core\jackson-annotations\2.10.0\jackson-annotations-2.10.0.jar;D:\developer_tools\RepMaven\com\netflix\hystrix\hystrix-metrics-event-stream\1.5.18\hystrix-metrics-event-stream-1.5.18.jar;D:\developer_tools\RepMaven\com\netflix\hystrix\hystrix-javanica\1.5.18\hystrix-javanica-1.5.18.jar;D:\developer_tools\RepMaven\org\apache\commons\commons-lang3\3.9\commons-lang3-3.9.jar;D:\developer_tools\RepMaven\io\reactivex\rxjava-reactive-streams\1.2.1\rxjava-reactive-streams-1.2.1.jar;D:\developer_tools\RepMaven\org\reactivestreams\reactive-streams\1.0.3\reactive-streams-1.0.3.jar;D:\developer_tools\RepMaven\org\springframework\cloud\spring-cloud-starter-openfeign\2.2.0.RELEASE\spring-cloud-starter-openfeign-2.2.0.RELEASE.jar;D:\developer_tools\RepMaven\org\springframework\cloud\spring-cloud-openfeign-core\2.2.0.RELEASE\spring-cloud-openfeign-core-2.2.0.RELEASE.jar;D:\developer_tools\RepMaven\io\github\openfeign\form\feign-form-spring\3.8.0\feign-form-spring-3.8.0.jar;D:\developer_tools\RepMaven\io\github\openfeign\form\feign-form\3.8.0\feign-form-3.8.0.jar;D:\developer_tools\RepMaven\commons-fileupload\commons-fileupload\1.4\commons-fileupload-1.4.jar;D:\developer_tools\RepMaven\commons-io\commons-io\2.2\commons-io-2.2.jar;D:\developer_tools\RepMaven\org\springframework\cloud\spring-cloud-commons\2.2.0.RELEASE\spring-cloud-commons-2.2.0.RELEASE.jar;D:\developer_tools\RepMaven\org\springframework\security\spring-security-crypto\5.2.1.RELEASE\spring-security-crypto-5.2.1.RELEASE.jar;D:\developer_tools\RepMaven\io\github\openfeign\feign-core\10.4.0\feign-core-10.4.0.jar;D:\developer_tools\RepMaven\io\github\openfeign\feign-slf4j\10.4.0\feign-slf4j-10.4.0.jar;D:\developer_tools\RepMaven\io\github\openfeign\feign-hystrix\10.4.0\feign-hystrix-10.4.0.jar;D:\developer_tools\RepMaven\org\springframework\boot\spring-boot-starter-test\2.2.1.RELEASE\spring-boot-starter-test-2.2.1.RELEASE.jar;D:\developer_tools\RepMaven\org\springframework\boot\spring-boot-test\2.2.1.RELEASE\spring-boot-test-2.2.1.RELEASE.jar;D:\developer_tools\RepMaven\org\springframework\boot\spring-boot-test-autoconfigure\2.2.1.RELEASE\spring-boot-test-autoconfigure-2.2.1.RELEASE.jar;D:\developer_tools\RepMaven\com\jayway\jsonpath\json-path\2.4.0\json-path-2.4.0.jar;D:\developer_tools\RepMaven\net\minidev\json-smart\2.3\json-smart-2.3.jar;D:\developer_tools\RepMaven\net\minidev\accessors-smart\1.2\accessors-smart-1.2.jar;D:\developer_tools\RepMaven\jakarta\xml\bind\jakarta.xml.bind-api\2.3.2\jakarta.xml.bind-api-2.3.2.jar;D:\developer_tools\RepMaven\jakarta\activation\jakarta.activation-api\1.2.1\jakarta.activation-api-1.2.1.jar;D:\developer_tools\RepMaven\org\junit\jupiter\junit-jupiter\5.5.2\junit-jupiter-5.5.2.jar;D:\developer_tools\RepMaven\org\junit\jupiter\junit-jupiter-api\5.5.2\junit-jupiter-api-5.5.2.jar;D:\developer_tools\RepMaven\org\apiguardian\apiguardian-api\1.1.0\apiguardian-api-1.1.0.jar;D:\developer_tools\RepMaven\org\opentest4j\opentest4j\1.2.0\opentest4j-1.2.0.jar;D:\developer_tools\RepMaven\org\junit\platform\junit-platform-commons\1.5.2\junit-platform-commons-1.5.2.jar;D:\developer_tools\RepMaven\org\junit\jupiter\junit-jupiter-params\5.5.2\junit-jupiter-params-5.5.2.jar;D:\developer_tools\RepMaven\org\junit\jupiter\junit-jupiter-engine\5.5.2\junit-jupiter-engine-5.5.2.jar;D:\developer_tools\RepMaven\org\junit\platform\junit-platform-engine\1.5.2\junit-platform-engine-1.5.2.jar;D:\developer_tools\RepMaven\org\mockito\mockito-junit-jupiter\3.1.0\mockito-junit-jupiter-3.1.0.jar;D:\developer_tools\RepMaven\org\assertj\assertj-core\3.13.2\assertj-core-3.13.2.jar;D:\developer_tools\RepMaven\org\hamcrest\hamcrest\2.1\hamcrest-2.1.jar;D:\developer_tools\RepMaven\org\mockito\mockito-core\3.1.0\mockito-core-3.1.0.jar;D:\developer_tools\RepMaven\net\bytebuddy\byte-buddy\1.10.2\byte-buddy-1.10.2.jar;D:\developer_tools\RepMaven\net\bytebuddy\byte-buddy-agent\1.10.2\byte-buddy-agent-1.10.2.jar;D:\developer_tools\RepMaven\org\objenesis\objenesis\2.6\objenesis-2.6.jar;D:\developer_tools\RepMaven\org\skyscreamer\jsonassert\1.5.0\jsonassert-1.5.0.jar;D:\developer_tools\RepMaven\com\vaadin\external\google\android-json\0.0.20131108.vaadin1\android-json-0.0.20131108.vaadin1.jar;D:\developer_tools\RepMaven\org\springframework\spring-test\5.2.1.RELEASE\spring-test-5.2.1.RELEASE.jar;D:\developer_tools\RepMaven\org\xmlunit\xmlunit-core\2.6.3\xmlunit-core-2.6.3.jar;D:\developer_tools\RepMaven\org\springframework\security\spring-security-test\5.2.1.RELEASE\spring-security-test-5.2.1.RELEASE.jar;D:\developer_tools\RepMaven\org\springframework\security\spring-security-core\5.2.1.RELEASE\spring-security-core-5.2.1.RELEASE.jar;"/>
    <property name="java.vm.vendor" value="Oracle Corporation"/>
    <property name="sun.arch.data.model" value="64"/>
    <property name="user.variant" value=""/>
    <property name="java.vendor.url" value="http://java.oracle.com/"/>
    <property name="user.timezone" value="Asia/Shanghai"/>
    <property name="java.vm.specification.version" value="1.8"/>
    <property name="os.name" value="Windows 10"/>
    <property name="user.country" value="CN"/>
    <property name="sun.java.launcher" value="SUN_STANDARD"/>
    <property name="sun.boot.library.path" value="D:\developer_tools\java\jdk1.8.0_202\jre\bin"/>
    <property name="sun.java.command" value="C:\Users\赵志毅\AppData\Local\Temp\surefire8327429052486033629\surefirebooter3445810663788550791.jar C:\Users\赵志毅\AppData\Local\Temp\surefire8327429052486033629 2020-01-05T14-31-47_046-jvmRun1 surefire852624709331600472tmp surefire_04411826499676904228tmp"/>
    <property name="surefire.test.class.path" value="D:\workspace_idea0722\gmall\gmall-sms\target\test-classes;D:\workspace_idea0722\gmall\gmall-sms\target\classes;D:\workspace_idea0722\gmall\gmall-core\target\gmall-core-1.0-SNAPSHOT.jar;D:\developer_tools\RepMaven\org\springframework\cloud\spring-cloud-starter-alibaba-nacos-discovery\0.2.2.RELEASE\spring-cloud-starter-alibaba-nacos-discovery-0.2.2.RELEASE.jar;D:\developer_tools\RepMaven\org\springframework\cloud\spring-cloud-alibaba-nacos-discovery\0.2.2.RELEASE\spring-cloud-alibaba-nacos-discovery-0.2.2.RELEASE.jar;D:\developer_tools\RepMaven\com\alibaba\nacos\nacos-client\1.0.0\nacos-client-1.0.0.jar;D:\developer_tools\RepMaven\com\alibaba\nacos\nacos-common\1.0.0\nacos-common-1.0.0.jar;D:\developer_tools\RepMaven\com\alibaba\nacos\nacos-api\1.0.0\nacos-api-1.0.0.jar;D:\developer_tools\RepMaven\commons-codec\commons-codec\1.13\commons-codec-1.13.jar;D:\developer_tools\RepMaven\io\prometheus\simpleclient\0.5.0\simpleclient-0.5.0.jar;D:\developer_tools\RepMaven\org\springframework\cloud\spring-cloud-starter-netflix-ribbon\2.2.0.RELEASE\spring-cloud-starter-netflix-ribbon-2.2.0.RELEASE.jar;D:\developer_tools\RepMaven\com\netflix\ribbon\ribbon\2.3.0\ribbon-2.3.0.jar;D:\developer_tools\RepMaven\com\netflix\ribbon\ribbon-transport\2.3.0\ribbon-transport-2.3.0.jar;D:\developer_tools\RepMaven\io\reactivex\rxnetty-contexts\0.4.9\rxnetty-contexts-0.4.9.jar;D:\developer_tools\RepMaven\io\reactivex\rxnetty-servo\0.4.9\rxnetty-servo-0.4.9.jar;D:\developer_tools\RepMaven\javax\inject\javax.inject\1\javax.inject-1.jar;D:\developer_tools\RepMaven\io\reactivex\rxnetty\0.4.9\rxnetty-0.4.9.jar;D:\developer_tools\RepMaven\com\netflix\ribbon\ribbon-core\2.3.0\ribbon-core-2.3.0.jar;D:\developer_tools\RepMaven\com\netflix\ribbon\ribbon-httpclient\2.3.0\ribbon-httpclient-2.3.0.jar;D:\developer_tools\RepMaven\commons-collections\commons-collections\3.2.2\commons-collections-3.2.2.jar;D:\developer_tools\RepMaven\org\apache\httpcomponents\httpclient\4.5.10\httpclient-4.5.10.jar;D:\developer_tools\RepMaven\org\apache\httpcomponents\httpcore\4.4.12\httpcore-4.4.12.jar;D:\developer_tools\RepMaven\com\sun\jersey\jersey-client\1.19.1\jersey-client-1.19.1.jar;D:\developer_tools\RepMaven\com\sun\jersey\jersey-core\1.19.1\jersey-core-1.19.1.jar;D:\developer_tools\RepMaven\javax\ws\rs\jsr311-api\1.1.1\jsr311-api-1.1.1.jar;D:\developer_tools\RepMaven\com\sun\jersey\contribs\jersey-apache-client4\1.19.1\jersey-apache-client4-1.19.1.jar;D:\developer_tools\RepMaven\com\netflix\servo\servo-core\0.12.21\servo-core-0.12.21.jar;D:\developer_tools\RepMaven\com\netflix\netflix-commons\netflix-commons-util\0.3.0\netflix-commons-util-0.3.0.jar;D:\developer_tools\RepMaven\com\netflix\ribbon\ribbon-loadbalancer\2.3.0\ribbon-loadbalancer-2.3.0.jar;D:\developer_tools\RepMaven\com\netflix\netflix-commons\netflix-statistics\0.1.1\netflix-statistics-0.1.1.jar;D:\developer_tools\RepMaven\org\springframework\cloud\spring-cloud-starter-alibaba-nacos-config\0.2.2.RELEASE\spring-cloud-starter-alibaba-nacos-config-0.2.2.RELEASE.jar;D:\developer_tools\RepMaven\org\springframework\cloud\spring-cloud-alibaba-nacos-config\0.2.2.RELEASE\spring-cloud-alibaba-nacos-config-0.2.2.RELEASE.jar;D:\developer_tools\RepMaven\com\baomidou\mybatis-plus-boot-starter\3.0.7.1\mybatis-plus-boot-starter-3.0.7.1.jar;D:\developer_tools\RepMaven\org\springframework\boot\spring-boot-autoconfigure\2.2.1.RELEASE\spring-boot-autoconfigure-2.2.1.RELEASE.jar;D:\developer_tools\RepMaven\org\springframework\boot\spring-boot-starter-jdbc\2.2.1.RELEASE\spring-boot-starter-jdbc-2.2.1.RELEASE.jar;D:\developer_tools\RepMaven\com\zaxxer\HikariCP\3.4.1\HikariCP-3.4.1.jar;D:\developer_tools\RepMaven\org\springframework\spring-jdbc\5.2.1.RELEASE\spring-jdbc-5.2.1.RELEASE.jar;D:\developer_tools\RepMaven\io\jsonwebtoken\jjwt-api\0.10.7\jjwt-api-0.10.7.jar;D:\developer_tools\RepMaven\io\jsonwebtoken\jjwt-impl\0.10.7\jjwt-impl-0.10.7.jar;D:\developer_tools\RepMaven\org\apache\tomcat\embed\tomcat-embed-core\9.0.27\tomcat-embed-core-9.0.27.jar;D:\developer_tools\RepMaven\org\apache\tomcat\tomcat-annotations-api\9.0.27\tomcat-annotations-api-9.0.27.jar;D:\developer_tools\RepMaven\io\jsonwebtoken\jjwt-jackson\0.10.7\jjwt-jackson-0.10.7.jar;D:\developer_tools\RepMaven\com\fasterxml\jackson\core\jackson-databind\2.10.0\jackson-databind-2.10.0.jar;D:\developer_tools\RepMaven\joda-time\joda-time\2.10.5\joda-time-2.10.5.jar;D:\developer_tools\RepMaven\com\baomidou\mybatis-plus\3.0.7.1\mybatis-plus-3.0.7.1.jar;D:\developer_tools\RepMaven\com\baomidou\mybatis-plus-extension\3.0.7.1\mybatis-plus-extension-3.0.7.1.jar;D:\developer_tools\RepMaven\com\baomidou\mybatis-plus-core\3.0.7.1\mybatis-plus-core-3.0.7.1.jar;D:\developer_tools\RepMaven\com\baomidou\mybatis-plus-annotation\3.0.7.1\mybatis-plus-annotation-3.0.7.1.jar;D:\developer_tools\RepMaven\com\github\jsqlparser\jsqlparser\1.3\jsqlparser-1.3.jar;D:\developer_tools\RepMaven\org\mybatis\mybatis-spring\1.3.2\mybatis-spring-1.3.2.jar;D:\developer_tools\RepMaven\org\mybatis\mybatis\3.4.6\mybatis-3.4.6.jar;D:\developer_tools\RepMaven\mysql\mysql-connector-java\5.1.46\mysql-connector-java-5.1.46.jar;D:\developer_tools\RepMaven\io\springfox\springfox-swagger2\2.9.2\springfox-swagger2-2.9.2.jar;D:\developer_tools\RepMaven\io\swagger\swagger-annotations\1.5.20\swagger-annotations-1.5.20.jar;D:\developer_tools\RepMaven\io\swagger\swagger-models\1.5.20\swagger-models-1.5.20.jar;D:\developer_tools\RepMaven\io\springfox\springfox-spi\2.9.2\springfox-spi-2.9.2.jar;D:\developer_tools\RepMaven\io\springfox\springfox-core\2.9.2\springfox-core-2.9.2.jar;D:\developer_tools\RepMaven\io\springfox\springfox-schema\2.9.2\springfox-schema-2.9.2.jar;D:\developer_tools\RepMaven\io\springfox\springfox-swagger-common\2.9.2\springfox-swagger-common-2.9.2.jar;D:\developer_tools\RepMaven\io\springfox\springfox-spring-web\2.9.2\springfox-spring-web-2.9.2.jar;D:\developer_tools\RepMaven\com\google\guava\guava\20.0\guava-20.0.jar;D:\developer_tools\RepMaven\com\fasterxml\classmate\1.5.1\classmate-1.5.1.jar;D:\developer_tools\RepMaven\org\springframework\plugin\spring-plugin-core\1.2.0.RELEASE\spring-plugin-core-1.2.0.RELEASE.jar;D:\developer_tools\RepMaven\org\springframework\plugin\spring-plugin-metadata\1.2.0.RELEASE\spring-plugin-metadata-1.2.0.RELEASE.jar;D:\developer_tools\RepMaven\org\mapstruct\mapstruct\1.2.0.Final\mapstruct-1.2.0.Final.jar;D:\developer_tools\RepMaven\io\springfox\springfox-swagger-ui\2.9.2\springfox-swagger-ui-2.9.2.jar;D:\developer_tools\RepMaven\org\projectlombok\lombok\1.18.10\lombok-1.18.10.jar;D:\workspace_idea0722\gmall\gmall-sms-interface\target\gmall-sms-interface-0.0.1-SNAPSHOT.jar;D:\developer_tools\RepMaven\org\springframework\spring-webmvc\5.2.1.RELEASE\spring-webmvc-5.2.1.RELEASE.jar;D:\developer_tools\RepMaven\org\springframework\spring-expression\5.2.1.RELEASE\spring-expression-5.2.1.RELEASE.jar;D:\developer_tools\RepMaven\com\alibaba\cloud\spring-cloud-alibaba-seata\2.0.0.RELEASE\spring-cloud-alibaba-seata-2.0.0.RELEASE.jar;D:\developer_tools\RepMaven\org\springframework\boot\spring-boot-starter-aop\2.2.1.RELEASE\spring-boot-starter-aop-2.2.1.RELEASE.jar;D:\developer_tools\RepMaven\org\aspectj\aspectjweaver\1.9.4\aspectjweaver-1.9.4.jar;D:\developer_tools\RepMaven\io\seata\seata-all\0.9.0\seata-all-0.9.0.jar;D:\developer_tools\RepMaven\org\springframework\spring-context\5.2.1.RELEASE\spring-context-5.2.1.RELEASE.jar;D:\developer_tools\RepMaven\org\springframework\spring-core\5.2.1.RELEASE\spring-core-5.2.1.RELEASE.jar;D:\developer_tools\RepMaven\org\springframework\spring-jcl\5.2.1.RELEASE\spring-jcl-5.2.1.RELEASE.jar;D:\developer_tools\RepMaven\org\springframework\spring-beans\5.2.1.RELEASE\spring-beans-5.2.1.RELEASE.jar;D:\developer_tools\RepMaven\org\springframework\spring-aop\5.2.1.RELEASE\spring-aop-5.2.1.RELEASE.jar;D:\developer_tools\RepMaven\io\netty\netty-all\4.1.43.Final\netty-all-4.1.43.Final.jar;D:\developer_tools\RepMaven\com\alibaba\fastjson\1.2.60\fastjson-1.2.60.jar;D:\developer_tools\RepMaven\com\alibaba\druid\1.1.12\druid-1.1.12.jar;D:\developer_tools\RepMaven\com\typesafe\config\1.2.1\config-1.2.1.jar;D:\developer_tools\RepMaven\org\slf4j\slf4j-api\1.7.29\slf4j-api-1.7.29.jar;D:\developer_tools\RepMaven\commons-lang\commons-lang\2.6\commons-lang-2.6.jar;D:\developer_tools\RepMaven\org\apache\commons\commons-pool2\2.7.0\commons-pool2-2.7.0.jar;D:\developer_tools\RepMaven\commons-pool\commons-pool\1.6\commons-pool-1.6.jar;D:\developer_tools\RepMaven\com\google\protobuf\protobuf-java\3.7.1\protobuf-java-3.7.1.jar;D:\developer_tools\RepMaven\cglib\cglib\3.1\cglib-3.1.jar;D:\developer_tools\RepMaven\org\ow2\asm\asm\4.2\asm-4.2.jar;D:\developer_tools\RepMaven\aopalliance\aopalliance\1.0\aopalliance-1.0.jar;D:\developer_tools\RepMaven\com\github\ben-manes\caffeine\caffeine\2.8.0\caffeine-2.8.0.jar;D:\developer_tools\RepMaven\org\checkerframework\checker-qual\2.10.0\checker-qual-2.10.0.jar;D:\developer_tools\RepMaven\com\google\errorprone\error_prone_annotations\2.3.3\error_prone_annotations-2.3.3.jar;D:\developer_tools\RepMaven\org\springframework\boot\spring-boot-starter-actuator\2.2.1.RELEASE\spring-boot-starter-actuator-2.2.1.RELEASE.jar;D:\developer_tools\RepMaven\org\springframework\boot\spring-boot-starter\2.2.1.RELEASE\spring-boot-starter-2.2.1.RELEASE.jar;D:\developer_tools\RepMaven\org\springframework\boot\spring-boot\2.2.1.RELEASE\spring-boot-2.2.1.RELEASE.jar;D:\developer_tools\RepMaven\org\springframework\boot\spring-boot-starter-logging\2.2.1.RELEASE\spring-boot-starter-logging-2.2.1.RELEASE.jar;D:\developer_tools\RepMaven\ch\qos\logback\logback-classic\1.2.3\logback-classic-1.2.3.jar;D:\developer_tools\RepMaven\ch\qos\logback\logback-core\1.2.3\logback-core-1.2.3.jar;D:\developer_tools\RepMaven\org\apache\logging\log4j\log4j-to-slf4j\2.12.1\log4j-to-slf4j-2.12.1.jar;D:\developer_tools\RepMaven\org\apache\logging\log4j\log4j-api\2.12.1\log4j-api-2.12.1.jar;D:\developer_tools\RepMaven\org\slf4j\jul-to-slf4j\1.7.29\jul-to-slf4j-1.7.29.jar;D:\developer_tools\RepMaven\jakarta\annotation\jakarta.annotation-api\1.3.5\jakarta.annotation-api-1.3.5.jar;D:\developer_tools\RepMaven\org\yaml\snakeyaml\1.25\snakeyaml-1.25.jar;D:\developer_tools\RepMaven\org\springframework\boot\spring-boot-actuator-autoconfigure\2.2.1.RELEASE\spring-boot-actuator-autoconfigure-2.2.1.RELEASE.jar;D:\developer_tools\RepMaven\org\springframework\boot\spring-boot-actuator\2.2.1.RELEASE\spring-boot-actuator-2.2.1.RELEASE.jar;D:\developer_tools\RepMaven\com\fasterxml\jackson\datatype\jackson-datatype-jsr310\2.10.0\jackson-datatype-jsr310-2.10.0.jar;D:\developer_tools\RepMaven\io\micrometer\micrometer-core\1.3.1\micrometer-core-1.3.1.jar;D:\developer_tools\RepMaven\org\hdrhistogram\HdrHistogram\2.1.11\HdrHistogram-2.1.11.jar;D:\developer_tools\RepMaven\org\latencyutils\LatencyUtils\2.0.3\LatencyUtils-2.0.3.jar;D:\developer_tools\RepMaven\org\springframework\boot\spring-boot-starter-data-redis\2.2.1.RELEASE\spring-boot-starter-data-redis-2.2.1.RELEASE.jar;D:\developer_tools\RepMaven\org\springframework\data\spring-data-redis\2.2.1.RELEASE\spring-data-redis-2.2.1.RELEASE.jar;D:\developer_tools\RepMaven\org\springframework\data\spring-data-keyvalue\2.2.1.RELEASE\spring-data-keyvalue-2.2.1.RELEASE.jar;D:\developer_tools\RepMaven\org\springframework\data\spring-data-commons\2.2.1.RELEASE\spring-data-commons-2.2.1.RELEASE.jar;D:\developer_tools\RepMaven\org\springframework\spring-tx\5.2.1.RELEASE\spring-tx-5.2.1.RELEASE.jar;D:\developer_tools\RepMaven\org\springframework\spring-oxm\5.2.1.RELEASE\spring-oxm-5.2.1.RELEASE.jar;D:\developer_tools\RepMaven\org\springframework\spring-context-support\5.2.1.RELEASE\spring-context-support-5.2.1.RELEASE.jar;D:\developer_tools\RepMaven\io\lettuce\lettuce-core\5.2.1.RELEASE\lettuce-core-5.2.1.RELEASE.jar;D:\developer_tools\RepMaven\io\netty\netty-common\4.1.43.Final\netty-common-4.1.43.Final.jar;D:\developer_tools\RepMaven\io\netty\netty-handler\4.1.43.Final\netty-handler-4.1.43.Final.jar;D:\developer_tools\RepMaven\io\netty\netty-buffer\4.1.43.Final\netty-buffer-4.1.43.Final.jar;D:\developer_tools\RepMaven\io\netty\netty-codec\4.1.43.Final\netty-codec-4.1.43.Final.jar;D:\developer_tools\RepMaven\io\netty\netty-transport\4.1.43.Final\netty-transport-4.1.43.Final.jar;D:\developer_tools\RepMaven\io\netty\netty-resolver\4.1.43.Final\netty-resolver-4.1.43.Final.jar;D:\developer_tools\RepMaven\io\projectreactor\reactor-core\3.3.0.RELEASE\reactor-core-3.3.0.RELEASE.jar;D:\developer_tools\RepMaven\org\springframework\boot\spring-boot-starter-security\2.2.1.RELEASE\spring-boot-starter-security-2.2.1.RELEASE.jar;D:\developer_tools\RepMaven\org\springframework\security\spring-security-config\5.2.1.RELEASE\spring-security-config-5.2.1.RELEASE.jar;D:\developer_tools\RepMaven\org\springframework\security\spring-security-web\5.2.1.RELEASE\spring-security-web-5.2.1.RELEASE.jar;D:\developer_tools\RepMaven\org\springframework\boot\spring-boot-starter-web\2.2.1.RELEASE\spring-boot-starter-web-2.2.1.RELEASE.jar;D:\developer_tools\RepMaven\org\springframework\boot\spring-boot-starter-json\2.2.1.RELEASE\spring-boot-starter-json-2.2.1.RELEASE.jar;D:\developer_tools\RepMaven\com\fasterxml\jackson\datatype\jackson-datatype-jdk8\2.10.0\jackson-datatype-jdk8-2.10.0.jar;D:\developer_tools\RepMaven\com\fasterxml\jackson\module\jackson-module-parameter-names\2.10.0\jackson-module-parameter-names-2.10.0.jar;D:\developer_tools\RepMaven\org\springframework\boot\spring-boot-starter-tomcat\2.2.1.RELEASE\spring-boot-starter-tomcat-2.2.1.RELEASE.jar;D:\developer_tools\RepMaven\org\apache\tomcat\embed\tomcat-embed-el\9.0.27\tomcat-embed-el-9.0.27.jar;D:\developer_tools\RepMaven\org\apache\tomcat\embed\tomcat-embed-websocket\9.0.27\tomcat-embed-websocket-9.0.27.jar;D:\developer_tools\RepMaven\org\springframework\boot\spring-boot-starter-validation\2.2.1.RELEASE\spring-boot-starter-validation-2.2.1.RELEASE.jar;D:\developer_tools\RepMaven\jakarta\validation\jakarta.validation-api\2.0.1\jakarta.validation-api-2.0.1.jar;D:\developer_tools\RepMaven\org\hibernate\validator\hibernate-validator\6.0.18.Final\hibernate-validator-6.0.18.Final.jar;D:\developer_tools\RepMaven\org\jboss\logging\jboss-logging\3.4.1.Final\jboss-logging-3.4.1.Final.jar;D:\developer_tools\RepMaven\org\springframework\spring-web\5.2.1.RELEASE\spring-web-5.2.1.RELEASE.jar;D:\developer_tools\RepMaven\org\springframework\cloud\spring-cloud-starter-netflix-hystrix\2.2.0.RELEASE\spring-cloud-starter-netflix-hystrix-2.2.0.RELEASE.jar;D:\developer_tools\RepMaven\org\springframework\cloud\spring-cloud-starter\2.2.0.RELEASE\spring-cloud-starter-2.2.0.RELEASE.jar;D:\developer_tools\RepMaven\org\springframework\cloud\spring-cloud-context\2.2.0.RELEASE\spring-cloud-context-2.2.0.RELEASE.jar;D:\developer_tools\RepMaven\org\springframework\security\spring-security-rsa\1.0.7.RELEASE\spring-security-rsa-1.0.7.RELEASE.jar;D:\developer_tools\RepMaven\org\bouncycastle\bcpkix-jdk15on\1.60\bcpkix-jdk15on-1.60.jar;D:\developer_tools\RepMaven\org\bouncycastle\bcprov-jdk15on\1.60\bcprov-jdk15on-1.60.jar;D:\developer_tools\RepMaven\org\springframework\cloud\spring-cloud-netflix-hystrix\2.2.0.RELEASE\spring-cloud-netflix-hystrix-2.2.0.RELEASE.jar;D:\developer_tools\RepMaven\org\springframework\cloud\spring-cloud-netflix-ribbon\2.2.0.RELEASE\spring-cloud-netflix-ribbon-2.2.0.RELEASE.jar;D:\developer_tools\RepMaven\org\springframework\cloud\spring-cloud-netflix-archaius\2.2.0.RELEASE\spring-cloud-netflix-archaius-2.2.0.RELEASE.jar;D:\developer_tools\RepMaven\org\springframework\cloud\spring-cloud-starter-netflix-archaius\2.2.0.RELEASE\spring-cloud-starter-netflix-archaius-2.2.0.RELEASE.jar;D:\developer_tools\RepMaven\com\netflix\archaius\archaius-core\0.7.6\archaius-core-0.7.6.jar;D:\developer_tools\RepMaven\com\google\code\findbugs\jsr305\3.0.1\jsr305-3.0.1.jar;D:\developer_tools\RepMaven\commons-configuration\commons-configuration\1.8\commons-configuration-1.8.jar;D:\developer_tools\RepMaven\com\netflix\hystrix\hystrix-core\1.5.18\hystrix-core-1.5.18.jar;D:\developer_tools\RepMaven\io\reactivex\rxjava\1.3.8\rxjava-1.3.8.jar;D:\developer_tools\RepMaven\com\netflix\hystrix\hystrix-serialization\1.5.18\hystrix-serialization-1.5.18.jar;D:\developer_tools\RepMaven\com\fasterxml\jackson\module\jackson-module-afterburner\2.10.0\jackson-module-afterburner-2.10.0.jar;D:\developer_tools\RepMaven\com\fasterxml\jackson\core\jackson-core\2.10.0\jackson-core-2.10.0.jar;D:\developer_tools\RepMaven\com\fasterxml\jackson\core\jackson-annotations\2.10.0\jackson-annotations-2.10.0.jar;D:\developer_tools\RepMaven\com\netflix\hystrix\hystrix-metrics-event-stream\1.5.18\hystrix-metrics-event-stream-1.5.18.jar;D:\developer_tools\RepMaven\com\netflix\hystrix\hystrix-javanica\1.5.18\hystrix-javanica-1.5.18.jar;D:\developer_tools\RepMaven\org\apache\commons\commons-lang3\3.9\commons-lang3-3.9.jar;D:\developer_tools\RepMaven\io\reactivex\rxjava-reactive-streams\1.2.1\rxjava-reactive-streams-1.2.1.jar;D:\developer_tools\RepMaven\org\reactivestreams\reactive-streams\1.0.3\reactive-streams-1.0.3.jar;D:\developer_tools\RepMaven\org\springframework\cloud\spring-cloud-starter-openfeign\2.2.0.RELEASE\spring-cloud-starter-openfeign-2.2.0.RELEASE.jar;D:\developer_tools\RepMaven\org\springframework\cloud\spring-cloud-openfeign-core\2.2.0.RELEASE\spring-cloud-openfeign-core-2.2.0.RELEASE.jar;D:\developer_tools\RepMaven\io\github\openfeign\form\feign-form-spring\3.8.0\feign-form-spring-3.8.0.jar;D:\developer_tools\RepMaven\io\github\openfeign\form\feign-form\3.8.0\feign-form-3.8.0.jar;D:\developer_tools\RepMaven\commons-fileupload\commons-fileupload\1.4\commons-fileupload-1.4.jar;D:\developer_tools\RepMaven\commons-io\commons-io\2.2\commons-io-2.2.jar;D:\developer_tools\RepMaven\org\springframework\cloud\spring-cloud-commons\2.2.0.RELEASE\spring-cloud-commons-2.2.0.RELEASE.jar;D:\developer_tools\RepMaven\org\springframework\security\spring-security-crypto\5.2.1.RELEASE\spring-security-crypto-5.2.1.RELEASE.jar;D:\developer_tools\RepMaven\io\github\openfeign\feign-core\10.4.0\feign-core-10.4.0.jar;D:\developer_tools\RepMaven\io\github\openfeign\feign-slf4j\10.4.0\feign-slf4j-10.4.0.jar;D:\developer_tools\RepMaven\io\github\openfeign\feign-hystrix\10.4.0\feign-hystrix-10.4.0.jar;D:\developer_tools\RepMaven\org\springframework\boot\spring-boot-starter-test\2.2.1.RELEASE\spring-boot-starter-test-2.2.1.RELEASE.jar;D:\developer_tools\RepMaven\org\springframework\boot\spring-boot-test\2.2.1.RELEASE\spring-boot-test-2.2.1.RELEASE.jar;D:\developer_tools\RepMaven\org\springframework\boot\spring-boot-test-autoconfigure\2.2.1.RELEASE\spring-boot-test-autoconfigure-2.2.1.RELEASE.jar;D:\developer_tools\RepMaven\com\jayway\jsonpath\json-path\2.4.0\json-path-2.4.0.jar;D:\developer_tools\RepMaven\net\minidev\json-smart\2.3\json-smart-2.3.jar;D:\developer_tools\RepMaven\net\minidev\accessors-smart\1.2\accessors-smart-1.2.jar;D:\developer_tools\RepMaven\jakarta\xml\bind\jakarta.xml.bind-api\2.3.2\jakarta.xml.bind-api-2.3.2.jar;D:\developer_tools\RepMaven\jakarta\activation\jakarta.activation-api\1.2.1\jakarta.activation-api-1.2.1.jar;D:\developer_tools\RepMaven\org\junit\jupiter\junit-jupiter\5.5.2\junit-jupiter-5.5.2.jar;D:\developer_tools\RepMaven\org\junit\jupiter\junit-jupiter-api\5.5.2\junit-jupiter-api-5.5.2.jar;D:\developer_tools\RepMaven\org\apiguardian\apiguardian-api\1.1.0\apiguardian-api-1.1.0.jar;D:\developer_tools\RepMaven\org\opentest4j\opentest4j\1.2.0\opentest4j-1.2.0.jar;D:\developer_tools\RepMaven\org\junit\platform\junit-platform-commons\1.5.2\junit-platform-commons-1.5.2.jar;D:\developer_tools\RepMaven\org\junit\jupiter\junit-jupiter-params\5.5.2\junit-jupiter-params-5.5.2.jar;D:\developer_tools\RepMaven\org\junit\jupiter\junit-jupiter-engine\5.5.2\junit-jupiter-engine-5.5.2.jar;D:\developer_tools\RepMaven\org\junit\platform\junit-platform-engine\1.5.2\junit-platform-engine-1.5.2.jar;D:\developer_tools\RepMaven\org\mockito\mockito-junit-jupiter\3.1.0\mockito-junit-jupiter-3.1.0.jar;D:\developer_tools\RepMaven\org\assertj\assertj-core\3.13.2\assertj-core-3.13.2.jar;D:\developer_tools\RepMaven\org\hamcrest\hamcrest\2.1\hamcrest-2.1.jar;D:\developer_tools\RepMaven\org\mockito\mockito-core\3.1.0\mockito-core-3.1.0.jar;D:\developer_tools\RepMaven\net\bytebuddy\byte-buddy\1.10.2\byte-buddy-1.10.2.jar;D:\developer_tools\RepMaven\net\bytebuddy\byte-buddy-agent\1.10.2\byte-buddy-agent-1.10.2.jar;D:\developer_tools\RepMaven\org\objenesis\objenesis\2.6\objenesis-2.6.jar;D:\developer_tools\RepMaven\org\skyscreamer\jsonassert\1.5.0\jsonassert-1.5.0.jar;D:\developer_tools\RepMaven\com\vaadin\external\google\android-json\0.0.20131108.vaadin1\android-json-0.0.20131108.vaadin1.jar;D:\developer_tools\RepMaven\org\springframework\spring-test\5.2.1.RELEASE\spring-test-5.2.1.RELEASE.jar;D:\developer_tools\RepMaven\org\xmlunit\xmlunit-core\2.6.3\xmlunit-core-2.6.3.jar;D:\developer_tools\RepMaven\org\springframework\security\spring-security-test\5.2.1.RELEASE\spring-security-test-5.2.1.RELEASE.jar;D:\developer_tools\RepMaven\org\springframework\security\spring-security-core\5.2.1.RELEASE\spring-security-core-5.2.1.RELEASE.jar;"/>
    <property name="sun.cpu.endian" value="little"/>
    <property name="user.home" value="C:\Users\赵志毅"/>
    <property name="user.language" value="zh"/>
    <property name="java.specification.vendor" value="Oracle Corporation"/>
    <property name="java.home" value="D:\developer_tools\java\jdk1.8.0_202\jre"/>
    <property name="basedir" value="D:\workspace_idea0722\gmall\gmall-sms"/>
    <property name="file.separator" value="\"/>
    <property name="line.separator" value="&#10;"/>
    <property name="java.vm.specification.vendor" value="Oracle Corporation"/>
    <property name="java.specification.name" value="Java Platform API Specification"/>
    <property name="java.awt.graphicsenv" value="sun.awt.Win32GraphicsEnvironment"/>
    <property name="surefire.real.class.path" value="C:\Users\赵志毅\AppData\Local\Temp\surefire8327429052486033629\surefirebooter3445810663788550791.jar"/>
    <property name="sun.boot.class.path" value="D:\developer_tools\java\jdk1.8.0_202\jre\lib\resources.jar;D:\developer_tools\java\jdk1.8.0_202\jre\lib\rt.jar;D:\developer_tools\java\jdk1.8.0_202\jre\lib\sunrsasign.jar;D:\developer_tools\java\jdk1.8.0_202\jre\lib\jsse.jar;D:\developer_tools\java\jdk1.8.0_202\jre\lib\jce.jar;D:\developer_tools\java\jdk1.8.0_202\jre\lib\charsets.jar;D:\developer_tools\java\jdk1.8.0_202\jre\lib\jfr.jar;D:\developer_tools\java\jdk1.8.0_202\jre\classes"/>
    <property name="user.script" value=""/>
    <property name="sun.management.compiler" value="HotSpot 64-Bit Tiered Compilers"/>
    <property name="java.runtime.version" value="1.8.0_202-b08"/>
    <property name="user.name" value="赵志毅"/>
    <property name="path.separator" value=";"/>
    <property name="os.version" value="10.0"/>
    <property name="java.endorsed.dirs" value="D:\developer_tools\java\jdk1.8.0_202\jre\lib\endorsed"/>
    <property name="java.runtime.name" value="Java(TM) SE Runtime Environment"/>
    <property name="file.encoding" value="GBK"/>
    <property name="java.vm.name" value="Java HotSpot(TM) 64-Bit Server VM"/>
    <property name="localRepository" value="D:\developer_tools\RepMaven"/>
    <property name="java.vendor.url.bug" value="http://bugreport.sun.com/bugreport/"/>
    <property name="java.io.tmpdir" value="C:\Users\赵志毅\AppData\Local\Temp\"/>
    <property name="java.version" value="1.8.0_202"/>
    <property name="user.dir" value="D:\workspace_idea0722\gmall\gmall-sms"/>
    <property name="os.arch" value="amd64"/>
    <property name="java.vm.specification.name" value="Java Virtual Machine Specification"/>
    <property name="java.awt.printerjob" value="sun.awt.windows.WPrinterJob"/>
    <property name="sun.os.patch.level" value=""/>
    <property name="java.library.path" value="D:\developer_tools\java\jdk1.8.0_202\jre\bin;C:\WINDOWS\Sun\Java\bin;C:\WINDOWS\system32;C:\WINDOWS;D:\developer_tools\apache-maven-3.5.4\bin;D:\developer_tools\java\jdk1.8.0_202\bin;C:\Program Files (x86)\Common Files\Oracle\Java\javapath;C:\ProgramData\Oracle\Java\javapath;C:\Windows\system32;C:\Windows;C:\Windows\System32\Wbem;C:\Windows\System32\WindowsPowerShell\v1.0\;C:\Windows\System32\OpenSSH\;C:\Program Files (x86)\NVIDIA Corporation\PhysX\Common;C:\Program Files\Intel\WiFi\bin\;C:\Program Files\Common Files\Intel\WirelessCommon\;C:\Program Files\NVIDIA Corporation\NVIDIA NvDLISR;D:\Program Files\MySQL\MySQL Server 5.5\bin;D:\developer_tools\bin;D:\developer_tools\mysql-5.5.62-winx64\bin;C:\WINDOWS\system32;C:\WINDOWS;C:\WINDOWS\System32\Wbem;C:\WINDOWS\System32\WindowsPowerShell\v1.0\;C:\WINDOWS\System32\OpenSSH\;C:\Program Files\TortoiseGit\bin;D:\developer_tools\Git\cmd;D:\developer_tools\node-v10.14.2-x64\;C:\Users\赵志毅\AppData\Local\Microsoft\WindowsApps;C:\Program Files\Bandizip\;D:\developer_tools\Microsoft VS Code\bin;C:\Users\赵志毅\AppData\Roaming\npm;."/>
    <property name="java.vm.info" value="mixed mode"/>
    <property name="java.vendor" value="Oracle Corporation"/>
    <property name="java.vm.version" value="25.202-b08"/>
    <property name="idea.version2019.3" value="true"/>
    <property name="java.ext.dirs" value="D:\developer_tools\java\jdk1.8.0_202\jre\lib\ext;C:\WINDOWS\Sun\Java\lib\ext"/>
    <property name="sun.io.unicode.encoding" value="UnicodeLittle"/>
    <property name="maven.repo.local" value="D:\developer_tools\RepMaven"/>
    <property name="java.class.version" value="52.0"/>
  </properties>
  <testcase name="contextLoads" classname="com.atguigu.gmall.sms.GmallSmsApplicationTests" time="0.003">
    <error message="Failed to load ApplicationContext" type="java.lang.IllegalStateException">java.lang.IllegalStateException: Failed to load ApplicationContext
Caused by: org.springframework.beans.factory.UnsatisfiedDependencyException: Error creating bean with name 'categoryBoundsController': Unsatisfied dependency expressed through field 'categoryBoundsService'; nested exception is org.springframework.beans.factory.UnsatisfiedDependencyException: Error creating bean with name 'categoryBoundsService': Unsatisfied dependency expressed through field 'baseMapper'; nested exception is org.springframework.beans.factory.UnsatisfiedDependencyException: Error creating bean with name 'categoryBoundsDao' defined in file [D:\workspace_idea0722\gmall\gmall-sms\target\classes\com\atguigu\gmall\sms\dao\CategoryBoundsDao.class]: Unsatisfied dependency expressed through bean property 'sqlSessionFactory'; nested exception is org.springframework.beans.factory.UnsatisfiedDependencyException: Error creating bean with name 'sqlSessionFactory' defined in class path resource [com/baomidou/mybatisplus/autoconfigure/MybatisPlusAutoConfiguration.class]: Unsatisfied dependency expressed through method 'sqlSessionFactory' parameter 0; nested exception is org.springframework.beans.factory.UnsatisfiedDependencyException: Error creating bean with name 'dataSource' defined in class path resource [com/atguigu/gmall/sms/config/DataSourceConfig.class]: Unsatisfied dependency expressed through method 'dataSource' parameter 0; nested exception is org.springframework.beans.factory.BeanCreationException: Error creating bean with name 'hikariDataSource' defined in class path resource [com/atguigu/gmall/sms/config/DataSourceConfig.class]: Initialization of bean failed; nested exception is org.springframework.beans.factory.BeanCreationException: Error creating bean with name 'org.springframework.boot.autoconfigure.jdbc.DataSourceInitializerInvoker': Invocation of init method failed; nested exception is org.springframework.beans.factory.BeanCurrentlyInCreationException: Error creating bean with name 'dataSource': Requested bean is currently in creation: Is there an unresolvable circular reference?
Caused by: org.springframework.beans.factory.UnsatisfiedDependencyException: Error creating bean with name 'categoryBoundsService': Unsatisfied dependency expressed through field 'baseMapper'; nested exception is org.springframework.beans.factory.UnsatisfiedDependencyException: Error creating bean with name 'categoryBoundsDao' defined in file [D:\workspace_idea0722\gmall\gmall-sms\target\classes\com\atguigu\gmall\sms\dao\CategoryBoundsDao.class]: Unsatisfied dependency expressed through bean property 'sqlSessionFactory'; nested exception is org.springframework.beans.factory.UnsatisfiedDependencyException: Error creating bean with name 'sqlSessionFactory' defined in class path resource [com/baomidou/mybatisplus/autoconfigure/MybatisPlusAutoConfiguration.class]: Unsatisfied dependency expressed through method 'sqlSessionFactory' parameter 0; nested exception is org.springframework.beans.factory.UnsatisfiedDependencyException: Error creating bean with name 'dataSource' defined in class path resource [com/atguigu/gmall/sms/config/DataSourceConfig.class]: Unsatisfied dependency expressed through method 'dataSource' parameter 0; nested exception is org.springframework.beans.factory.BeanCreationException: Error creating bean with name 'hikariDataSource' defined in class path resource [com/atguigu/gmall/sms/config/DataSourceConfig.class]: Initialization of bean failed; nested exception is org.springframework.beans.factory.BeanCreationException: Error creating bean with name 'org.springframework.boot.autoconfigure.jdbc.DataSourceInitializerInvoker': Invocation of init method failed; nested exception is org.springframework.beans.factory.BeanCurrentlyInCreationException: Error creating bean with name 'dataSource': Requested bean is currently in creation: Is there an unresolvable circular reference?
Caused by: org.springframework.beans.factory.UnsatisfiedDependencyException: Error creating bean with name 'categoryBoundsDao' defined in file [D:\workspace_idea0722\gmall\gmall-sms\target\classes\com\atguigu\gmall\sms\dao\CategoryBoundsDao.class]: Unsatisfied dependency expressed through bean property 'sqlSessionFactory'; nested exception is org.springframework.beans.factory.UnsatisfiedDependencyException: Error creating bean with name 'sqlSessionFactory' defined in class path resource [com/baomidou/mybatisplus/autoconfigure/MybatisPlusAutoConfiguration.class]: Unsatisfied dependency expressed through method 'sqlSessionFactory' parameter 0; nested exception is org.springframework.beans.factory.UnsatisfiedDependencyException: Error creating bean with name 'dataSource' defined in class path resource [com/atguigu/gmall/sms/config/DataSourceConfig.class]: Unsatisfied dependency expressed through method 'dataSource' parameter 0; nested exception is org.springframework.beans.factory.BeanCreationException: Error creating bean with name 'hikariDataSource' defined in class path resource [com/atguigu/gmall/sms/config/DataSourceConfig.class]: Initialization of bean failed; nested exception is org.springframework.beans.factory.BeanCreationException: Error creating bean with name 'org.springframework.boot.autoconfigure.jdbc.DataSourceInitializerInvoker': Invocation of init method failed; nested exception is org.springframework.beans.factory.BeanCurrentlyInCreationException: Error creating bean with name 'dataSource': Requested bean is currently in creation: Is there an unresolvable circular reference?
Caused by: org.springframework.beans.factory.UnsatisfiedDependencyException: Error creating bean with name 'sqlSessionFactory' defined in class path resource [com/baomidou/mybatisplus/autoconfigure/MybatisPlusAutoConfiguration.class]: Unsatisfied dependency expressed through method 'sqlSessionFactory' parameter 0; nested exception is org.springframework.beans.factory.UnsatisfiedDependencyException: Error creating bean with name 'dataSource' defined in class path resource [com/atguigu/gmall/sms/config/DataSourceConfig.class]: Unsatisfied dependency expressed through method 'dataSource' parameter 0; nested exception is org.springframework.beans.factory.BeanCreationException: Error creating bean with name 'hikariDataSource' defined in class path resource [com/atguigu/gmall/sms/config/DataSourceConfig.class]: Initialization of bean failed; nested exception is org.springframework.beans.factory.BeanCreationException: Error creating bean with name 'org.springframework.boot.autoconfigure.jdbc.DataSourceInitializerInvoker': Invocation of init method failed; nested exception is org.springframework.beans.factory.BeanCurrentlyInCreationException: Error creating bean with name 'dataSource': Requested bean is currently in creation: Is there an unresolvable circular reference?
Caused by: org.springframework.beans.factory.UnsatisfiedDependencyException: Error creating bean with name 'dataSource' defined in class path resource [com/atguigu/gmall/sms/config/DataSourceConfig.class]: Unsatisfied dependency expressed through method 'dataSource' parameter 0; nested exception is org.springframework.beans.factory.BeanCreationException: Error creating bean with name 'hikariDataSource' defined in class path resource [com/atguigu/gmall/sms/config/DataSourceConfig.class]: Initialization of bean failed; nested exception is org.springframework.beans.factory.BeanCreationException: Error creating bean with name 'org.springframework.boot.autoconfigure.jdbc.DataSourceInitializerInvoker': Invocation of init method failed; nested exception is org.springframework.beans.factory.BeanCurrentlyInCreationException: Error creating bean with name 'dataSource': Requested bean is currently in creation: Is there an unresolvable circular reference?
Caused by: org.springframework.beans.factory.BeanCreationException: Error creating bean with name 'hikariDataSource' defined in class path resource [com/atguigu/gmall/sms/config/DataSourceConfig.class]: Initialization of bean failed; nested exception is org.springframework.beans.factory.BeanCreationException: Error creating bean with name 'org.springframework.boot.autoconfigure.jdbc.DataSourceInitializerInvoker': Invocation of init method failed; nested exception is org.springframework.beans.factory.BeanCurrentlyInCreationException: Error creating bean with name 'dataSource': Requested bean is currently in creation: Is there an unresolvable circular reference?
Caused by: org.springframework.beans.factory.BeanCreationException: Error creating bean with name 'org.springframework.boot.autoconfigure.jdbc.DataSourceInitializerInvoker': Invocation of init method failed; nested exception is org.springframework.beans.factory.BeanCurrentlyInCreationException: Error creating bean with name 'dataSource': Requested bean is currently in creation: Is there an unresolvable circular reference?
Caused by: org.springframework.beans.factory.BeanCurrentlyInCreationException: Error creating bean with name 'dataSource': Requested bean is currently in creation: Is there an unresolvable circular reference?
</error>
    <system-out><![CDATA[14:31:48.495 [main] DEBUG org.springframework.test.context.BootstrapUtils - Instantiating CacheAwareContextLoaderDelegate from class [org.springframework.test.context.cache.DefaultCacheAwareContextLoaderDelegate]
14:31:48.518 [main] DEBUG org.springframework.test.context.BootstrapUtils - Instantiating BootstrapContext using constructor [public org.springframework.test.context.support.DefaultBootstrapContext(java.lang.Class,org.springframework.test.context.CacheAwareContextLoaderDelegate)]
14:31:48.560 [main] DEBUG org.springframework.test.context.BootstrapUtils - Instantiating TestContextBootstrapper for test class [com.atguigu.gmall.sms.GmallSmsApplicationTests] from class [org.springframework.boot.test.context.SpringBootTestContextBootstrapper]
14:31:48.583 [main] INFO org.springframework.boot.test.context.SpringBootTestContextBootstrapper - Neither @ContextConfiguration nor @ContextHierarchy found for test class [com.atguigu.gmall.sms.GmallSmsApplicationTests], using SpringBootContextLoader
14:31:48.589 [main] DEBUG org.springframework.test.context.support.AbstractContextLoader - Did not detect default resource location for test class [com.atguigu.gmall.sms.GmallSmsApplicationTests]: class path resource [com/atguigu/gmall/sms/GmallSmsApplicationTests-context.xml] does not exist
14:31:48.590 [main] DEBUG org.springframework.test.context.support.AbstractContextLoader - Did not detect default resource location for test class [com.atguigu.gmall.sms.GmallSmsApplicationTests]: class path resource [com/atguigu/gmall/sms/GmallSmsApplicationTestsContext.groovy] does not exist
14:31:48.590 [main] INFO org.springframework.test.context.support.AbstractContextLoader - Could not detect default resource locations for test class [com.atguigu.gmall.sms.GmallSmsApplicationTests]: no resource found for suffixes {-context.xml, Context.groovy}.
14:31:48.591 [main] INFO org.springframework.test.context.support.AnnotationConfigContextLoaderUtils - Could not detect default configuration classes for test class [com.atguigu.gmall.sms.GmallSmsApplicationTests]: GmallSmsApplicationTests does not declare any static, non-private, non-final, nested classes annotated with @Configuration.
14:31:48.652 [main] DEBUG org.springframework.test.context.support.ActiveProfilesUtils - Could not find an 'annotation declaring class' for annotation type [org.springframework.test.context.ActiveProfiles] and class [com.atguigu.gmall.sms.GmallSmsApplicationTests]
14:31:48.772 [main] DEBUG org.springframework.context.annotation.ClassPathScanningCandidateComponentProvider - Identified candidate component class: file [D:\workspace_idea0722\gmall\gmall-sms\target\classes\com\atguigu\gmall\sms\GmallSmsApplication.class]
14:31:48.773 [main] INFO org.springframework.boot.test.context.SpringBootTestContextBootstrapper - Found @SpringBootConfiguration com.atguigu.gmall.sms.GmallSmsApplication for test class com.atguigu.gmall.sms.GmallSmsApplicationTests
14:31:48.934 [main] DEBUG org.springframework.boot.test.context.SpringBootTestContextBootstrapper - @TestExecutionListeners is not present for class [com.atguigu.gmall.sms.GmallSmsApplicationTests]: using defaults.
14:31:48.935 [main] INFO org.springframework.boot.test.context.SpringBootTestContextBootstrapper - Loaded default TestExecutionListener class names from location [META-INF/spring.factories]: [org.springframework.boot.test.mock.mockito.MockitoTestExecutionListener, org.springframework.boot.test.mock.mockito.ResetMocksTestExecutionListener, org.springframework.boot.test.autoconfigure.restdocs.RestDocsTestExecutionListener, org.springframework.boot.test.autoconfigure.web.client.MockRestServiceServerResetTestExecutionListener, org.springframework.boot.test.autoconfigure.web.servlet.MockMvcPrintOnlyOnFailureTestExecutionListener, org.springframework.boot.test.autoconfigure.web.servlet.WebDriverTestExecutionListener, org.springframework.test.context.web.ServletTestExecutionListener, org.springframework.test.context.support.DirtiesContextBeforeModesTestExecutionListener, org.springframework.test.context.support.DependencyInjectionTestExecutionListener, org.springframework.test.context.support.DirtiesContextTestExecutionListener, org.springframework.test.context.transaction.TransactionalTestExecutionListener, org.springframework.test.context.jdbc.SqlScriptsTestExecutionListener, org.springframework.test.context.event.EventPublishingTestExecutionListener, org.springframework.security.test.context.support.WithSecurityContextTestExecutionListener, org.springframework.security.test.context.support.ReactorContextTestExecutionListener]
14:31:48.965 [main] INFO org.springframework.boot.test.context.SpringBootTestContextBootstrapper - Using TestExecutionListeners: [org.springframework.test.context.web.ServletTestExecutionListener@28194a50, org.springframework.test.context.support.DirtiesContextBeforeModesTestExecutionListener@7f2cfe3f, org.springframework.boot.test.mock.mockito.MockitoTestExecutionListener@1a5b6f42, org.springframework.boot.test.autoconfigure.SpringBootDependencyInjectionTestExecutionListener@5038d0b5, org.springframework.test.context.support.DirtiesContextTestExecutionListener@32115b28, org.springframework.test.context.transaction.TransactionalTestExecutionListener@2ad48653, org.springframework.test.context.jdbc.SqlScriptsTestExecutionListener@6bb4dd34, org.springframework.test.context.event.EventPublishingTestExecutionListener@7d9f158f, org.springframework.security.test.context.support.WithSecurityContextTestExecutionListener@45efd90f, org.springframework.security.test.context.support.ReactorContextTestExecutionListener@4b8729ff, org.springframework.boot.test.mock.mockito.ResetMocksTestExecutionListener@61710c6, org.springframework.boot.test.autoconfigure.restdocs.RestDocsTestExecutionListener@3214ee6, org.springframework.boot.test.autoconfigure.web.client.MockRestServiceServerResetTestExecutionListener@383dc82c, org.springframework.boot.test.autoconfigure.web.servlet.MockMvcPrintOnlyOnFailureTestExecutionListener@4a07d605, org.springframework.boot.test.autoconfigure.web.servlet.WebDriverTestExecutionListener@74287ea3]
14:31:48.971 [main] DEBUG org.springframework.test.context.support.AbstractDirtiesContextTestExecutionListener - Before test class: context [DefaultTestContext@18317edc testClass = GmallSmsApplicationTests, testInstance = [null], testMethod = [null], testException = [null], mergedContextConfiguration = [WebMergedContextConfiguration@4e0ae11f testClass = GmallSmsApplicationTests, locations = '{}', classes = '{class com.atguigu.gmall.sms.GmallSmsApplication}', contextInitializerClasses = '[]', activeProfiles = '{}', propertySourceLocations = '{}', propertySourceProperties = '{org.springframework.boot.test.context.SpringBootTestContextBootstrapper=true}', contextCustomizers = set[org.springframework.boot.test.context.filter.ExcludeFilterContextCustomizer@515c6049, org.springframework.boot.test.json.DuplicateJsonObjectContextCustomizerFactory$DuplicateJsonObjectContextCustomizer@443118b0, org.springframework.boot.test.mock.mockito.MockitoContextCustomizer@0, org.springframework.boot.test.web.client.TestRestTemplateContextCustomizer@22555ebf, org.springframework.boot.test.autoconfigure.properties.PropertyMappingContextCustomizer@0, org.springframework.boot.test.autoconfigure.web.servlet.WebDriverContextCustomizerFactory$Customizer@385c9627], resourceBasePath = 'src/main/webapp', contextLoader = 'org.springframework.boot.test.context.SpringBootContextLoader', parent = [null]], attributes = map['org.springframework.test.context.web.ServletTestExecutionListener.activateListener' -> true]], class annotated with @DirtiesContext [false] with mode [null].
14:31:49.020 [main] DEBUG org.springframework.test.context.support.TestPropertySourceUtils - Adding inlined properties to environment: {spring.jmx.enabled=false, org.springframework.boot.test.context.SpringBootTestContextBootstrapper=true, server.port=-1}
2020-01-05 14:31:50.786  INFO 19544 --- [           main] trationDelegate$BeanPostProcessorChecker : Bean 'org.springframework.cloud.autoconfigure.ConfigurationPropertiesRebinderAutoConfiguration' of type [org.springframework.cloud.autoconfigure.ConfigurationPropertiesRebinderAutoConfiguration] is not eligible for getting processed by all BeanPostProcessors (for example: not eligible for auto-proxying)

  .   ____          _            __ _ _
 /\\ / ___'_ __ _ _(_)_ __  __ _ \ \ \ \
( ( )\___ | '_ | '_| | '_ \/ _` | \ \ \ \
 \\/  ___)| |_)| | | | | || (_| |  ) ) ) )
  '  |____| .__|_| |_|_| |_\__, | / / / /
 =========|_|==============|___/=/_/_/_/
 :: Spring Boot ::        (v2.2.1.RELEASE)

2020-01-05 14:31:55.532  INFO 19544 --- [           main] b.c.PropertySourceBootstrapConfiguration : Located property source: CompositePropertySource {name='NACOS', propertySources=[NacosPropertySource {name='sms-service.yml'}]}
2020-01-05 14:31:55.546  INFO 19544 --- [           main] c.a.gmall.sms.GmallSmsApplicationTests   : No active profile set, falling back to default profiles: default
2020-01-05 14:31:57.096  INFO 19544 --- [           main] .s.d.r.c.RepositoryConfigurationDelegate : Multiple Spring Data modules found, entering strict repository configuration mode!
2020-01-05 14:31:57.101  INFO 19544 --- [           main] .s.d.r.c.RepositoryConfigurationDelegate : Bootstrapping Spring Data repositories in DEFAULT mode.
2020-01-05 14:31:57.143  INFO 19544 --- [           main] .s.d.r.c.RepositoryConfigurationDelegate : Finished Spring Data repository scanning in 24ms. Found 0 repository interfaces.
2020-01-05 14:31:57.229  WARN 19544 --- [           main] o.s.boot.actuate.endpoint.EndpointId     : Endpoint ID 'nacos-config' contains invalid characters, please migrate to a valid format.
2020-01-05 14:31:57.233  WARN 19544 --- [           main] o.s.boot.actuate.endpoint.EndpointId     : Endpoint ID 'nacos-discovery' contains invalid characters, please migrate to a valid format.
2020-01-05 14:31:57.276  WARN 19544 --- [           main] o.s.boot.actuate.endpoint.EndpointId     : Endpoint ID 'service-registry' contains invalid characters, please migrate to a valid format.
2020-01-05 14:31:57.434  INFO 19544 --- [           main] o.s.cloud.context.scope.GenericScope     : BeanFactory id=1108b074-6189-332e-96f5-49df49a513b8
2020-01-05 14:31:57.830  INFO 19544 --- [           main] trationDelegate$BeanPostProcessorChecker : Bean 'spring.cloud.alibaba.seata-com.alibaba.cloud.seata.SeataProperties' of type [com.alibaba.cloud.seata.SeataProperties] is not eligible for getting processed by all BeanPostProcessors (for example: not eligible for auto-proxying)
2020-01-05 14:31:57.843  INFO 19544 --- [           main] trationDelegate$BeanPostProcessorChecker : Bean 'com.alibaba.cloud.seata.GlobalTransactionAutoConfiguration' of type [com.alibaba.cloud.seata.GlobalTransactionAutoConfiguration$$EnhancerBySpringCGLIB$$cf01feee] is not eligible for getting processed by all BeanPostProcessors (for example: not eligible for auto-proxying)
2020-01-05 14:31:58.055  WARN 19544 --- [nfigOperate_1_2] io.seata.config.FileConfiguration        : Could not found property service.disableGlobalTransaction, try to use default value instead.
2020-01-05 14:31:58.085  INFO 19544 --- [           main] i.s.s.a.GlobalTransactionScanner         : Initializing Global Transaction Clients ... 
2020-01-05 14:31:58.263  INFO 19544 --- [           main] i.s.c.r.netty.AbstractRpcRemotingClient  : RpcClientBootstrap has started
2020-01-05 14:31:58.268  INFO 19544 --- [           main] i.s.s.a.GlobalTransactionScanner         : Transaction Manager Client is initialized. applicationId[sms-service] txServiceGroup[sms-service-fescar-service-group]
2020-01-05 14:31:58.295  INFO 19544 --- [           main] io.seata.rm.datasource.AsyncWorker       : Async Commit Buffer Limit: 10000
2020-01-05 14:31:58.311  INFO 19544 --- [           main] i.s.c.r.netty.AbstractRpcRemotingClient  : RpcClientBootstrap has started
2020-01-05 14:31:58.312  INFO 19544 --- [           main] i.s.s.a.GlobalTransactionScanner         : Resource Manager is initialized. applicationId[sms-service] txServiceGroup[sms-service-fescar-service-group]
2020-01-05 14:31:58.312  INFO 19544 --- [           main] i.s.s.a.GlobalTransactionScanner         : Global Transaction Clients are initialized. 
2020-01-05 14:31:58.416  INFO 19544 --- [           main] trationDelegate$BeanPostProcessorChecker : Bean 'org.springframework.transaction.annotation.ProxyTransactionManagementConfiguration' of type [org.springframework.transaction.annotation.ProxyTransactionManagementConfiguration] is not eligible for getting processed by all BeanPostProcessors (for example: not eligible for auto-proxying)
2020-01-05 14:31:58.758  INFO 19544 --- [           main] trationDelegate$BeanPostProcessorChecker : Bean 'com.alibaba.cloud.seata.feign.SeataFeignClientAutoConfiguration$FeignBeanPostProcessorConfiguration' of type [com.alibaba.cloud.seata.feign.SeataFeignClientAutoConfiguration$FeignBeanPostProcessorConfiguration$$EnhancerBySpringCGLIB$$2ee77e39] is not eligible for getting processed by all BeanPostProcessors (for example: not eligible for auto-proxying)
2020-01-05 14:31:58.767  INFO 19544 --- [           main] trationDelegate$BeanPostProcessorChecker : Bean 'seataFeignObjectWrapper' of type [com.alibaba.cloud.seata.feign.SeataFeignObjectWrapper] is not eligible for getting processed by all BeanPostProcessors (for example: not eligible for auto-proxying)
2020-01-05 14:31:58.805  INFO 19544 --- [           main] trationDelegate$BeanPostProcessorChecker : Bean 'org.springframework.cloud.autoconfigure.ConfigurationPropertiesRebinderAutoConfiguration' of type [org.springframework.cloud.autoconfigure.ConfigurationPropertiesRebinderAutoConfiguration] is not eligible for getting processed by all BeanPostProcessors (for example: not eligible for auto-proxying)
2020-01-05 14:31:59.236  WARN 19544 --- [           main] c.n.c.sources.URLConfigurationSource     : No URLs will be polled as dynamic configuration sources.
2020-01-05 14:31:59.236  INFO 19544 --- [           main] c.n.c.sources.URLConfigurationSource     : To enable URLs as dynamic configuration sources, define System property archaius.configurationSource.additionalUrls or make config.properties available on classpath.
2020-01-05 14:31:59.262  INFO 19544 --- [           main] c.netflix.config.DynamicPropertyFactory  : DynamicPropertyFactory is initialized with configuration sources: com.netflix.config.ConcurrentCompositeConfiguration@5599b5bb
2020-01-05 14:31:59.586  WARN 19544 --- [nfigOperate_1_2] io.seata.config.FileConfiguration        : Could not found property support.spring.datasource.autoproxy, try to use default value instead.
2020-01-05 14:31:59.634  WARN 19544 --- [           main] o.s.w.c.s.GenericWebApplicationContext   : Exception encountered during context initialization - cancelling refresh attempt: org.springframework.beans.factory.UnsatisfiedDependencyException: Error creating bean with name 'categoryBoundsController': Unsatisfied dependency expressed through field 'categoryBoundsService'; nested exception is org.springframework.beans.factory.UnsatisfiedDependencyException: Error creating bean with name 'categoryBoundsService': Unsatisfied dependency expressed through field 'baseMapper'; nested exception is org.springframework.beans.factory.UnsatisfiedDependencyException: Error creating bean with name 'categoryBoundsDao' defined in file [D:\workspace_idea0722\gmall\gmall-sms\target\classes\com\atguigu\gmall\sms\dao\CategoryBoundsDao.class]: Unsatisfied dependency expressed through bean property 'sqlSessionFactory'; nested exception is org.springframework.beans.factory.UnsatisfiedDependencyException: Error creating bean with name 'sqlSessionFactory' defined in class path resource [com/baomidou/mybatisplus/autoconfigure/MybatisPlusAutoConfiguration.class]: Unsatisfied dependency expressed through method 'sqlSessionFactory' parameter 0; nested exception is org.springframework.beans.factory.UnsatisfiedDependencyException: Error creating bean with name 'dataSource' defined in class path resource [com/atguigu/gmall/sms/config/DataSourceConfig.class]: Unsatisfied dependency expressed through method 'dataSource' parameter 0; nested exception is org.springframework.beans.factory.BeanCreationException: Error creating bean with name 'hikariDataSource' defined in class path resource [com/atguigu/gmall/sms/config/DataSourceConfig.class]: Initialization of bean failed; nested exception is org.springframework.beans.factory.BeanCreationException: Error creating bean with name 'org.springframework.boot.autoconfigure.jdbc.DataSourceInitializerInvoker': Invocation of init method failed; nested exception is org.springframework.beans.factory.BeanCurrentlyInCreationException: Error creating bean with name 'dataSource': Requested bean is currently in creation: Is there an unresolvable circular reference?
2020-01-05 14:31:59.668  INFO 19544 --- [           main] ConditionEvaluationReportLoggingListener : 

Error starting ApplicationContext. To display the conditions report re-run your application with 'debug' enabled.
2020-01-05 14:31:59.677 ERROR 19544 --- [           main] o.s.b.d.LoggingFailureAnalysisReporter   : 

***************************
APPLICATION FAILED TO START
***************************

Description:

The dependencies of some of the beans in the application context form a cycle:

   categoryBoundsController (field private com.atguigu.gmall.sms.service.CategoryBoundsService com.atguigu.gmall.sms.controller.CategoryBoundsController.categoryBoundsService)
      ↓
   categoryBoundsService (field protected com.baomidou.mybatisplus.core.mapper.BaseMapper com.baomidou.mybatisplus.extension.service.impl.ServiceImpl.baseMapper)
      ↓
   categoryBoundsDao defined in file [D:\workspace_idea0722\gmall\gmall-sms\target\classes\com\atguigu\gmall\sms\dao\CategoryBoundsDao.class]
      ↓
   sqlSessionFactory defined in class path resource [com/baomidou/mybatisplus/autoconfigure/MybatisPlusAutoConfiguration.class]
┌─────┐
|  dataSource defined in class path resource [com/atguigu/gmall/sms/config/DataSourceConfig.class]
↑     ↓
|  hikariDataSource defined in class path resource [com/atguigu/gmall/sms/config/DataSourceConfig.class]
↑     ↓
|  org.springframework.boot.autoconfigure.jdbc.DataSourceInitializerInvoker
└─────┘


2020-01-05 14:31:59.688 ERROR 19544 --- [           main] o.s.test.context.TestContextManager      : Caught exception while allowing TestExecutionListener [org.springframework.test.context.web.ServletTestExecutionListener@28194a50] to prepare test instance [com.atguigu.gmall.sms.GmallSmsApplicationTests@14874a5d]

java.lang.IllegalStateException: Failed to load ApplicationContext
	at org.springframework.test.context.cache.DefaultCacheAwareContextLoaderDelegate.loadContext(DefaultCacheAwareContextLoaderDelegate.java:132) ~[spring-test-5.2.1.RELEASE.jar:5.2.1.RELEASE]
	at org.springframework.test.context.support.DefaultTestContext.getApplicationContext(DefaultTestContext.java:123) ~[spring-test-5.2.1.RELEASE.jar:5.2.1.RELEASE]
	at org.springframework.test.context.web.ServletTestExecutionListener.setUpRequestContextIfNecessary(ServletTestExecutionListener.java:190) ~[spring-test-5.2.1.RELEASE.jar:5.2.1.RELEASE]
	at org.springframework.test.context.web.ServletTestExecutionListener.prepareTestInstance(ServletTestExecutionListener.java:132) ~[spring-test-5.2.1.RELEASE.jar:5.2.1.RELEASE]
	at org.springframework.test.context.TestContextManager.prepareTestInstance(TestContextManager.java:244) ~[spring-test-5.2.1.RELEASE.jar:5.2.1.RELEASE]
	at org.springframework.test.context.junit.jupiter.SpringExtension.postProcessTestInstance(SpringExtension.java:98) [spring-test-5.2.1.RELEASE.jar:5.2.1.RELEASE]
	at org.junit.jupiter.engine.descriptor.ClassBasedTestDescriptor.lambda$invokeTestInstancePostProcessors$5(ClassBasedTestDescriptor.java:337) [junit-jupiter-engine-5.5.2.jar:5.5.2]
	at org.junit.jupiter.engine.descriptor.ClassBasedTestDescriptor.executeAndMaskThrowable(ClassBasedTestDescriptor.java:342) [junit-jupiter-engine-5.5.2.jar:5.5.2]
	at org.junit.jupiter.engine.descriptor.ClassBasedTestDescriptor.lambda$invokeTestInstancePostProcessors$6(ClassBasedTestDescriptor.java:337) [junit-jupiter-engine-5.5.2.jar:5.5.2]
	at java.util.stream.ReferencePipeline$3$1.accept(ReferencePipeline.java:193) ~[na:1.8.0_202]
	at java.util.stream.ReferencePipeline$2$1.accept(ReferencePipeline.java:175) ~[na:1.8.0_202]
	at java.util.ArrayList$ArrayListSpliterator.forEachRemaining(ArrayList.java:1382) ~[na:1.8.0_202]
	at java.util.stream.AbstractPipeline.copyInto(AbstractPipeline.java:481) ~[na:1.8.0_202]
	at java.util.stream.AbstractPipeline.wrapAndCopyInto(AbstractPipeline.java:471) ~[na:1.8.0_202]
	at java.util.stream.StreamSpliterators$WrappingSpliterator.forEachRemaining(StreamSpliterators.java:312) ~[na:1.8.0_202]
	at java.util.stream.Streams$ConcatSpliterator.forEachRemaining(Streams.java:743) ~[na:1.8.0_202]
	at java.util.stream.Streams$ConcatSpliterator.forEachRemaining(Streams.java:742) ~[na:1.8.0_202]
	at java.util.stream.ReferencePipeline$Head.forEach(ReferencePipeline.java:580) ~[na:1.8.0_202]
	at org.junit.jupiter.engine.descriptor.ClassBasedTestDescriptor.invokeTestInstancePostProcessors(ClassBasedTestDescriptor.java:336) [junit-jupiter-engine-5.5.2.jar:5.5.2]
	at org.junit.jupiter.engine.descriptor.ClassBasedTestDescriptor.instantiateAndPostProcessTestInstance(ClassBasedTestDescriptor.java:259) [junit-jupiter-engine-5.5.2.jar:5.5.2]
	at org.junit.jupiter.engine.descriptor.ClassBasedTestDescriptor.lambda$testInstancesProvider$2(ClassBasedTestDescriptor.java:252) [junit-jupiter-engine-5.5.2.jar:5.5.2]
	at java.util.Optional.orElseGet(Optional.java:267) ~[na:1.8.0_202]
	at org.junit.jupiter.engine.descriptor.ClassBasedTestDescriptor.lambda$testInstancesProvider$3(ClassBasedTestDescriptor.java:251) [junit-jupiter-engine-5.5.2.jar:5.5.2]
	at org.junit.jupiter.engine.execution.TestInstancesProvider.getTestInstances(TestInstancesProvider.java:29) ~[junit-jupiter-engine-5.5.2.jar:5.5.2]
	at org.junit.jupiter.engine.descriptor.TestMethodTestDescriptor.lambda$prepare$0(TestMethodTestDescriptor.java:106) ~[junit-jupiter-engine-5.5.2.jar:5.5.2]
	at org.junit.platform.engine.support.hierarchical.ThrowableCollector.execute(ThrowableCollector.java:73) ~[junit-platform-engine-1.5.2.jar:1.5.2]
	at org.junit.jupiter.engine.descriptor.TestMethodTestDescriptor.prepare(TestMethodTestDescriptor.java:105) ~[junit-jupiter-engine-5.5.2.jar:5.5.2]
	at org.junit.jupiter.engine.descriptor.TestMethodTestDescriptor.prepare(TestMethodTestDescriptor.java:69) ~[junit-jupiter-engine-5.5.2.jar:5.5.2]
	at org.junit.platform.engine.support.hierarchical.NodeTestTask.lambda$prepare$1(NodeTestTask.java:107) ~[junit-platform-engine-1.5.2.jar:1.5.2]
	at org.junit.platform.engine.support.hierarchical.ThrowableCollector.execute(ThrowableCollector.java:73) ~[junit-platform-engine-1.5.2.jar:1.5.2]
	at org.junit.platform.engine.support.hierarchical.NodeTestTask.prepare(NodeTestTask.java:107) ~[junit-platform-engine-1.5.2.jar:1.5.2]
	at org.junit.platform.engine.support.hierarchical.NodeTestTask.execute(NodeTestTask.java:75) ~[junit-platform-engine-1.5.2.jar:1.5.2]
	at java.util.ArrayList.forEach(ArrayList.java:1257) ~[na:1.8.0_202]
	at org.junit.platform.engine.support.hierarchical.SameThreadHierarchicalTestExecutorService.invokeAll(SameThreadHierarchicalTestExecutorService.java:38) ~[junit-platform-engine-1.5.2.jar:1.5.2]
	at org.junit.platform.engine.support.hierarchical.NodeTestTask.lambda$executeRecursively$5(NodeTestTask.java:139) ~[junit-platform-engine-1.5.2.jar:1.5.2]
	at org.junit.platform.engine.support.hierarchical.ThrowableCollector.execute(ThrowableCollector.java:73) ~[junit-platform-engine-1.5.2.jar:1.5.2]
	at org.junit.platform.engine.support.hierarchical.NodeTestTask.lambda$executeRecursively$7(NodeTestTask.java:125) ~[junit-platform-engine-1.5.2.jar:1.5.2]
	at org.junit.platform.engine.support.hierarchical.Node.around(Node.java:135) ~[junit-platform-engine-1.5.2.jar:1.5.2]
	at org.junit.platform.engine.support.hierarchical.NodeTestTask.lambda$executeRecursively$8(NodeTestTask.java:123) ~[junit-platform-engine-1.5.2.jar:1.5.2]
	at org.junit.platform.engine.support.hierarchical.ThrowableCollector.execute(ThrowableCollector.java:73) ~[junit-platform-engine-1.5.2.jar:1.5.2]
	at org.junit.platform.engine.support.hierarchical.NodeTestTask.executeRecursively(NodeTestTask.java:122) ~[junit-platform-engine-1.5.2.jar:1.5.2]
	at org.junit.platform.engine.support.hierarchical.NodeTestTask.execute(NodeTestTask.java:80) ~[junit-platform-engine-1.5.2.jar:1.5.2]
	at java.util.ArrayList.forEach(ArrayList.java:1257) ~[na:1.8.0_202]
	at org.junit.platform.engine.support.hierarchical.SameThreadHierarchicalTestExecutorService.invokeAll(SameThreadHierarchicalTestExecutorService.java:38) ~[junit-platform-engine-1.5.2.jar:1.5.2]
	at org.junit.platform.engine.support.hierarchical.NodeTestTask.lambda$executeRecursively$5(NodeTestTask.java:139) ~[junit-platform-engine-1.5.2.jar:1.5.2]
	at org.junit.platform.engine.support.hierarchical.ThrowableCollector.execute(ThrowableCollector.java:73) ~[junit-platform-engine-1.5.2.jar:1.5.2]
	at org.junit.platform.engine.support.hierarchical.NodeTestTask.lambda$executeRecursively$7(NodeTestTask.java:125) ~[junit-platform-engine-1.5.2.jar:1.5.2]
	at org.junit.platform.engine.support.hierarchical.Node.around(Node.java:135) ~[junit-platform-engine-1.5.2.jar:1.5.2]
	at org.junit.platform.engine.support.hierarchical.NodeTestTask.lambda$executeRecursively$8(NodeTestTask.java:123) ~[junit-platform-engine-1.5.2.jar:1.5.2]
	at org.junit.platform.engine.support.hierarchical.ThrowableCollector.execute(ThrowableCollector.java:73) ~[junit-platform-engine-1.5.2.jar:1.5.2]
	at org.junit.platform.engine.support.hierarchical.NodeTestTask.executeRecursively(NodeTestTask.java:122) ~[junit-platform-engine-1.5.2.jar:1.5.2]
	at org.junit.platform.engine.support.hierarchical.NodeTestTask.execute(NodeTestTask.java:80) ~[junit-platform-engine-1.5.2.jar:1.5.2]
	at org.junit.platform.engine.support.hierarchical.SameThreadHierarchicalTestExecutorService.submit(SameThreadHierarchicalTestExecutorService.java:32) ~[junit-platform-engine-1.5.2.jar:1.5.2]
	at org.junit.platform.engine.support.hierarchical.HierarchicalTestExecutor.execute(HierarchicalTestExecutor.java:57) ~[junit-platform-engine-1.5.2.jar:1.5.2]
	at org.junit.platform.engine.support.hierarchical.HierarchicalTestEngine.execute(HierarchicalTestEngine.java:51) ~[junit-platform-engine-1.5.2.jar:1.5.2]
	at org.junit.platform.launcher.core.DefaultLauncher.execute(DefaultLauncher.java:220) ~[junit-platform-launcher-1.3.1.jar:1.3.1]
	at org.junit.platform.launcher.core.DefaultLauncher.lambda$execute$6(DefaultLauncher.java:188) ~[junit-platform-launcher-1.3.1.jar:1.3.1]
	at org.junit.platform.launcher.core.DefaultLauncher.withInterceptedStreams(DefaultLauncher.java:202) ~[junit-platform-launcher-1.3.1.jar:1.3.1]
	at org.junit.platform.launcher.core.DefaultLauncher.execute(DefaultLauncher.java:181) ~[junit-platform-launcher-1.3.1.jar:1.3.1]
	at org.junit.platform.launcher.core.DefaultLauncher.execute(DefaultLauncher.java:128) ~[junit-platform-launcher-1.3.1.jar:1.3.1]
	at org.apache.maven.surefire.junitplatform.JUnitPlatformProvider.invokeAllTests(JUnitPlatformProvider.java:150) ~[surefire-junit-platform-2.22.2.jar:2.22.2]
	at org.apache.maven.surefire.junitplatform.JUnitPlatformProvider.invoke(JUnitPlatformProvider.java:124) ~[surefire-junit-platform-2.22.2.jar:2.22.2]
	at org.apache.maven.surefire.booter.ForkedBooter.invokeProviderInSameClassLoader(ForkedBooter.java:384) ~[surefire-booter-2.22.2.jar:2.22.2]
	at org.apache.maven.surefire.booter.ForkedBooter.runSuitesInProcess(ForkedBooter.java:345) ~[surefire-booter-2.22.2.jar:2.22.2]
	at org.apache.maven.surefire.booter.ForkedBooter.execute(ForkedBooter.java:126) ~[surefire-booter-2.22.2.jar:2.22.2]
	at org.apache.maven.surefire.booter.ForkedBooter.main(ForkedBooter.java:418) ~[surefire-booter-2.22.2.jar:2.22.2]
Caused by: org.springframework.beans.factory.UnsatisfiedDependencyException: Error creating bean with name 'categoryBoundsController': Unsatisfied dependency expressed through field 'categoryBoundsService'; nested exception is org.springframework.beans.factory.UnsatisfiedDependencyException: Error creating bean with name 'categoryBoundsService': Unsatisfied dependency expressed through field 'baseMapper'; nested exception is org.springframework.beans.factory.UnsatisfiedDependencyException: Error creating bean with name 'categoryBoundsDao' defined in file [D:\workspace_idea0722\gmall\gmall-sms\target\classes\com\atguigu\gmall\sms\dao\CategoryBoundsDao.class]: Unsatisfied dependency expressed through bean property 'sqlSessionFactory'; nested exception is org.springframework.beans.factory.UnsatisfiedDependencyException: Error creating bean with name 'sqlSessionFactory' defined in class path resource [com/baomidou/mybatisplus/autoconfigure/MybatisPlusAutoConfiguration.class]: Unsatisfied dependency expressed through method 'sqlSessionFactory' parameter 0; nested exception is org.springframework.beans.factory.UnsatisfiedDependencyException: Error creating bean with name 'dataSource' defined in class path resource [com/atguigu/gmall/sms/config/DataSourceConfig.class]: Unsatisfied dependency expressed through method 'dataSource' parameter 0; nested exception is org.springframework.beans.factory.BeanCreationException: Error creating bean with name 'hikariDataSource' defined in class path resource [com/atguigu/gmall/sms/config/DataSourceConfig.class]: Initialization of bean failed; nested exception is org.springframework.beans.factory.BeanCreationException: Error creating bean with name 'org.springframework.boot.autoconfigure.jdbc.DataSourceInitializerInvoker': Invocation of init method failed; nested exception is org.springframework.beans.factory.BeanCurrentlyInCreationException: Error creating bean with name 'dataSource': Requested bean is currently in creation: Is there an unresolvable circular reference?
	at org.springframework.beans.factory.annotation.AutowiredAnnotationBeanPostProcessor$AutowiredFieldElement.inject(AutowiredAnnotationBeanPostProcessor.java:639) ~[spring-beans-5.2.1.RELEASE.jar:5.2.1.RELEASE]
	at org.springframework.beans.factory.annotation.InjectionMetadata.inject(InjectionMetadata.java:116) ~[spring-beans-5.2.1.RELEASE.jar:5.2.1.RELEASE]
	at org.springframework.beans.factory.annotation.AutowiredAnnotationBeanPostProcessor.postProcessProperties(AutowiredAnnotationBeanPostProcessor.java:397) ~[spring-beans-5.2.1.RELEASE.jar:5.2.1.RELEASE]
	at org.springframework.beans.factory.support.AbstractAutowireCapableBeanFactory.populateBean(AbstractAutowireCapableBeanFactory.java:1429) ~[spring-beans-5.2.1.RELEASE.jar:5.2.1.RELEASE]
	at org.springframework.beans.factory.support.AbstractAutowireCapableBeanFactory.doCreateBean(AbstractAutowireCapableBeanFactory.java:594) ~[spring-beans-5.2.1.RELEASE.jar:5.2.1.RELEASE]
	at org.springframework.beans.factory.support.AbstractAutowireCapableBeanFactory.createBean(AbstractAutowireCapableBeanFactory.java:517) ~[spring-beans-5.2.1.RELEASE.jar:5.2.1.RELEASE]
	at org.springframework.beans.factory.support.AbstractBeanFactory.lambda$doGetBean$0(AbstractBeanFactory.java:323) ~[spring-beans-5.2.1.RELEASE.jar:5.2.1.RELEASE]
	at org.springframework.beans.factory.support.DefaultSingletonBeanRegistry.getSingleton(DefaultSingletonBeanRegistry.java:222) ~[spring-beans-5.2.1.RELEASE.jar:5.2.1.RELEASE]
	at org.springframework.beans.factory.support.AbstractBeanFactory.doGetBean(AbstractBeanFactory.java:321) ~[spring-beans-5.2.1.RELEASE.jar:5.2.1.RELEASE]
	at org.springframework.beans.factory.support.AbstractBeanFactory.getBean(AbstractBeanFactory.java:202) ~[spring-beans-5.2.1.RELEASE.jar:5.2.1.RELEASE]
	at org.springframework.beans.factory.support.DefaultListableBeanFactory.preInstantiateSingletons(DefaultListableBeanFactory.java:879) ~[spring-beans-5.2.1.RELEASE.jar:5.2.1.RELEASE]
	at org.springframework.context.support.AbstractApplicationContext.finishBeanFactoryInitialization(AbstractApplicationContext.java:878) ~[spring-context-5.2.1.RELEASE.jar:5.2.1.RELEASE]
	at org.springframework.context.support.AbstractApplicationContext.refresh(AbstractApplicationContext.java:550) ~[spring-context-5.2.1.RELEASE.jar:5.2.1.RELEASE]
	at org.springframework.boot.SpringApplication.refresh(SpringApplication.java:747) ~[spring-boot-2.2.1.RELEASE.jar:2.2.1.RELEASE]
	at org.springframework.boot.SpringApplication.refreshContext(SpringApplication.java:397) ~[spring-boot-2.2.1.RELEASE.jar:2.2.1.RELEASE]
	at org.springframework.boot.SpringApplication.run(SpringApplication.java:315) ~[spring-boot-2.2.1.RELEASE.jar:2.2.1.RELEASE]
	at org.springframework.boot.test.context.SpringBootContextLoader.loadContext(SpringBootContextLoader.java:125) ~[spring-boot-test-2.2.1.RELEASE.jar:2.2.1.RELEASE]
	at org.springframework.test.context.cache.DefaultCacheAwareContextLoaderDelegate.loadContextInternal(DefaultCacheAwareContextLoaderDelegate.java:99) ~[spring-test-5.2.1.RELEASE.jar:5.2.1.RELEASE]
	at org.springframework.test.context.cache.DefaultCacheAwareContextLoaderDelegate.loadContext(DefaultCacheAwareContextLoaderDelegate.java:124) ~[spring-test-5.2.1.RELEASE.jar:5.2.1.RELEASE]
	... 65 common frames omitted
Caused by: org.springframework.beans.factory.UnsatisfiedDependencyException: Error creating bean with name 'categoryBoundsService': Unsatisfied dependency expressed through field 'baseMapper'; nested exception is org.springframework.beans.factory.UnsatisfiedDependencyException: Error creating bean with name 'categoryBoundsDao' defined in file [D:\workspace_idea0722\gmall\gmall-sms\target\classes\com\atguigu\gmall\sms\dao\CategoryBoundsDao.class]: Unsatisfied dependency expressed through bean property 'sqlSessionFactory'; nested exception is org.springframework.beans.factory.UnsatisfiedDependencyException: Error creating bean with name 'sqlSessionFactory' defined in class path resource [com/baomidou/mybatisplus/autoconfigure/MybatisPlusAutoConfiguration.class]: Unsatisfied dependency expressed through method 'sqlSessionFactory' parameter 0; nested exception is org.springframework.beans.factory.UnsatisfiedDependencyException: Error creating bean with name 'dataSource' defined in class path resource [com/atguigu/gmall/sms/config/DataSourceConfig.class]: Unsatisfied dependency expressed through method 'dataSource' parameter 0; nested exception is org.springframework.beans.factory.BeanCreationException: Error creating bean with name 'hikariDataSource' defined in class path resource [com/atguigu/gmall/sms/config/DataSourceConfig.class]: Initialization of bean failed; nested exception is org.springframework.beans.factory.BeanCreationException: Error creating bean with name 'org.springframework.boot.autoconfigure.jdbc.DataSourceInitializerInvoker': Invocation of init method failed; nested exception is org.springframework.beans.factory.BeanCurrentlyInCreationException: Error creating bean with name 'dataSource': Requested bean is currently in creation: Is there an unresolvable circular reference?
	at org.springframework.beans.factory.annotation.AutowiredAnnotationBeanPostProcessor$AutowiredFieldElement.inject(AutowiredAnnotationBeanPostProcessor.java:639) ~[spring-beans-5.2.1.RELEASE.jar:5.2.1.RELEASE]
	at org.springframework.beans.factory.annotation.InjectionMetadata.inject(InjectionMetadata.java:116) ~[spring-beans-5.2.1.RELEASE.jar:5.2.1.RELEASE]
	at org.springframework.beans.factory.annotation.AutowiredAnnotationBeanPostProcessor.postProcessProperties(AutowiredAnnotationBeanPostProcessor.java:397) ~[spring-beans-5.2.1.RELEASE.jar:5.2.1.RELEASE]
	at org.springframework.beans.factory.support.AbstractAutowireCapableBeanFactory.populateBean(AbstractAutowireCapableBeanFactory.java:1429) ~[spring-beans-5.2.1.RELEASE.jar:5.2.1.RELEASE]
	at org.springframework.beans.factory.support.AbstractAutowireCapableBeanFactory.doCreateBean(AbstractAutowireCapableBeanFactory.java:594) ~[spring-beans-5.2.1.RELEASE.jar:5.2.1.RELEASE]
	at org.springframework.beans.factory.support.AbstractAutowireCapableBeanFactory.createBean(AbstractAutowireCapableBeanFactory.java:517) ~[spring-beans-5.2.1.RELEASE.jar:5.2.1.RELEASE]
	at org.springframework.beans.factory.support.AbstractBeanFactory.lambda$doGetBean$0(AbstractBeanFactory.java:323) ~[spring-beans-5.2.1.RELEASE.jar:5.2.1.RELEASE]
	at org.springframework.beans.factory.support.DefaultSingletonBeanRegistry.getSingleton(DefaultSingletonBeanRegistry.java:222) ~[spring-beans-5.2.1.RELEASE.jar:5.2.1.RELEASE]
	at org.springframework.beans.factory.support.AbstractBeanFactory.doGetBean(AbstractBeanFactory.java:321) ~[spring-beans-5.2.1.RELEASE.jar:5.2.1.RELEASE]
	at org.springframework.beans.factory.support.AbstractBeanFactory.getBean(AbstractBeanFactory.java:202) ~[spring-beans-5.2.1.RELEASE.jar:5.2.1.RELEASE]
	at org.springframework.beans.factory.config.DependencyDescriptor.resolveCandidate(DependencyDescriptor.java:276) ~[spring-beans-5.2.1.RELEASE.jar:5.2.1.RELEASE]
	at org.springframework.beans.factory.support.DefaultListableBeanFactory.doResolveDependency(DefaultListableBeanFactory.java:1287) ~[spring-beans-5.2.1.RELEASE.jar:5.2.1.RELEASE]
	at org.springframework.beans.factory.support.DefaultListableBeanFactory.resolveDependency(DefaultListableBeanFactory.java:1207) ~[spring-beans-5.2.1.RELEASE.jar:5.2.1.RELEASE]
	at org.springframework.beans.factory.annotation.AutowiredAnnotationBeanPostProcessor$AutowiredFieldElement.inject(AutowiredAnnotationBeanPostProcessor.java:636) ~[spring-beans-5.2.1.RELEASE.jar:5.2.1.RELEASE]
	... 83 common frames omitted
Caused by: org.springframework.beans.factory.UnsatisfiedDependencyException: Error creating bean with name 'categoryBoundsDao' defined in file [D:\workspace_idea0722\gmall\gmall-sms\target\classes\com\atguigu\gmall\sms\dao\CategoryBoundsDao.class]: Unsatisfied dependency expressed through bean property 'sqlSessionFactory'; nested exception is org.springframework.beans.factory.UnsatisfiedDependencyException: Error creating bean with name 'sqlSessionFactory' defined in class path resource [com/baomidou/mybatisplus/autoconfigure/MybatisPlusAutoConfiguration.class]: Unsatisfied dependency expressed through method 'sqlSessionFactory' parameter 0; nested exception is org.springframework.beans.factory.UnsatisfiedDependencyException: Error creating bean with name 'dataSource' defined in class path resource [com/atguigu/gmall/sms/config/DataSourceConfig.class]: Unsatisfied dependency expressed through method 'dataSource' parameter 0; nested exception is org.springframework.beans.factory.BeanCreationException: Error creating bean with name 'hikariDataSource' defined in class path resource [com/atguigu/gmall/sms/config/DataSourceConfig.class]: Initialization of bean failed; nested exception is org.springframework.beans.factory.BeanCreationException: Error creating bean with name 'org.springframework.boot.autoconfigure.jdbc.DataSourceInitializerInvoker': Invocation of init method failed; nested exception is org.springframework.beans.factory.BeanCurrentlyInCreationException: Error creating bean with name 'dataSource': Requested bean is currently in creation: Is there an unresolvable circular reference?
	at org.springframework.beans.factory.support.AbstractAutowireCapableBeanFactory.autowireByType(AbstractAutowireCapableBeanFactory.java:1533) ~[spring-beans-5.2.1.RELEASE.jar:5.2.1.RELEASE]
	at org.springframework.beans.factory.support.AbstractAutowireCapableBeanFactory.populateBean(AbstractAutowireCapableBeanFactory.java:1413) ~[spring-beans-5.2.1.RELEASE.jar:5.2.1.RELEASE]
	at org.springframework.beans.factory.support.AbstractAutowireCapableBeanFactory.doCreateBean(AbstractAutowireCapableBeanFactory.java:594) ~[spring-beans-5.2.1.RELEASE.jar:5.2.1.RELEASE]
	at org.springframework.beans.factory.support.AbstractAutowireCapableBeanFactory.createBean(AbstractAutowireCapableBeanFactory.java:517) ~[spring-beans-5.2.1.RELEASE.jar:5.2.1.RELEASE]
	at org.springframework.beans.factory.support.AbstractBeanFactory.lambda$doGetBean$0(AbstractBeanFactory.java:323) ~[spring-beans-5.2.1.RELEASE.jar:5.2.1.RELEASE]
	at org.springframework.beans.factory.support.DefaultSingletonBeanRegistry.getSingleton(DefaultSingletonBeanRegistry.java:222) ~[spring-beans-5.2.1.RELEASE.jar:5.2.1.RELEASE]
	at org.springframework.beans.factory.support.AbstractBeanFactory.doGetBean(AbstractBeanFactory.java:321) ~[spring-beans-5.2.1.RELEASE.jar:5.2.1.RELEASE]
	at org.springframework.beans.factory.support.AbstractBeanFactory.getBean(AbstractBeanFactory.java:202) ~[spring-beans-5.2.1.RELEASE.jar:5.2.1.RELEASE]
	at org.springframework.beans.factory.config.DependencyDescriptor.resolveCandidate(DependencyDescriptor.java:276) ~[spring-beans-5.2.1.RELEASE.jar:5.2.1.RELEASE]
	at org.springframework.beans.factory.support.DefaultListableBeanFactory.doResolveDependency(DefaultListableBeanFactory.java:1287) ~[spring-beans-5.2.1.RELEASE.jar:5.2.1.RELEASE]
	at org.springframework.beans.factory.support.DefaultListableBeanFactory.resolveDependency(DefaultListableBeanFactory.java:1207) ~[spring-beans-5.2.1.RELEASE.jar:5.2.1.RELEASE]
	at org.springframework.beans.factory.annotation.AutowiredAnnotationBeanPostProcessor$AutowiredFieldElement.inject(AutowiredAnnotationBeanPostProcessor.java:636) ~[spring-beans-5.2.1.RELEASE.jar:5.2.1.RELEASE]
	... 96 common frames omitted
Caused by: org.springframework.beans.factory.UnsatisfiedDependencyException: Error creating bean with name 'sqlSessionFactory' defined in class path resource [com/baomidou/mybatisplus/autoconfigure/MybatisPlusAutoConfiguration.class]: Unsatisfied dependency expressed through method 'sqlSessionFactory' parameter 0; nested exception is org.springframework.beans.factory.UnsatisfiedDependencyException: Error creating bean with name 'dataSource' defined in class path resource [com/atguigu/gmall/sms/config/DataSourceConfig.class]: Unsatisfied dependency expressed through method 'dataSource' parameter 0; nested exception is org.springframework.beans.factory.BeanCreationException: Error creating bean with name 'hikariDataSource' defined in class path resource [com/atguigu/gmall/sms/config/DataSourceConfig.class]: Initialization of bean failed; nested exception is org.springframework.beans.factory.BeanCreationException: Error creating bean with name 'org.springframework.boot.autoconfigure.jdbc.DataSourceInitializerInvoker': Invocation of init method failed; nested exception is org.springframework.beans.factory.BeanCurrentlyInCreationException: Error creating bean with name 'dataSource': Requested bean is currently in creation: Is there an unresolvable circular reference?
	at org.springframework.beans.factory.support.ConstructorResolver.createArgumentArray(ConstructorResolver.java:787) ~[spring-beans-5.2.1.RELEASE.jar:5.2.1.RELEASE]
	at org.springframework.beans.factory.support.ConstructorResolver.instantiateUsingFactoryMethod(ConstructorResolver.java:528) ~[spring-beans-5.2.1.RELEASE.jar:5.2.1.RELEASE]
	at org.springframework.beans.factory.support.AbstractAutowireCapableBeanFactory.instantiateUsingFactoryMethod(AbstractAutowireCapableBeanFactory.java:1338) ~[spring-beans-5.2.1.RELEASE.jar:5.2.1.RELEASE]
	at org.springframework.beans.factory.support.AbstractAutowireCapableBeanFactory.createBeanInstance(AbstractAutowireCapableBeanFactory.java:1177) ~[spring-beans-5.2.1.RELEASE.jar:5.2.1.RELEASE]
	at org.springframework.beans.factory.support.AbstractAutowireCapableBeanFactory.doCreateBean(AbstractAutowireCapableBeanFactory.java:557) ~[spring-beans-5.2.1.RELEASE.jar:5.2.1.RELEASE]
	at org.springframework.beans.factory.support.AbstractAutowireCapableBeanFactory.createBean(AbstractAutowireCapableBeanFactory.java:517) ~[spring-beans-5.2.1.RELEASE.jar:5.2.1.RELEASE]
	at org.springframework.beans.factory.support.AbstractBeanFactory.lambda$doGetBean$0(AbstractBeanFactory.java:323) ~[spring-beans-5.2.1.RELEASE.jar:5.2.1.RELEASE]
	at org.springframework.beans.factory.support.DefaultSingletonBeanRegistry.getSingleton(DefaultSingletonBeanRegistry.java:222) ~[spring-beans-5.2.1.RELEASE.jar:5.2.1.RELEASE]
	at org.springframework.beans.factory.support.AbstractBeanFactory.doGetBean(AbstractBeanFactory.java:321) ~[spring-beans-5.2.1.RELEASE.jar:5.2.1.RELEASE]
	at org.springframework.beans.factory.support.AbstractBeanFactory.getBean(AbstractBeanFactory.java:202) ~[spring-beans-5.2.1.RELEASE.jar:5.2.1.RELEASE]
	at org.springframework.beans.factory.config.DependencyDescriptor.resolveCandidate(DependencyDescriptor.java:276) ~[spring-beans-5.2.1.RELEASE.jar:5.2.1.RELEASE]
	at org.springframework.beans.factory.support.DefaultListableBeanFactory.doResolveDependency(DefaultListableBeanFactory.java:1287) ~[spring-beans-5.2.1.RELEASE.jar:5.2.1.RELEASE]
	at org.springframework.beans.factory.support.DefaultListableBeanFactory.resolveDependency(DefaultListableBeanFactory.java:1207) ~[spring-beans-5.2.1.RELEASE.jar:5.2.1.RELEASE]
	at org.springframework.beans.factory.support.AbstractAutowireCapableBeanFactory.autowireByType(AbstractAutowireCapableBeanFactory.java:1518) ~[spring-beans-5.2.1.RELEASE.jar:5.2.1.RELEASE]
	... 107 common frames omitted
Caused by: org.springframework.beans.factory.UnsatisfiedDependencyException: Error creating bean with name 'dataSource' defined in class path resource [com/atguigu/gmall/sms/config/DataSourceConfig.class]: Unsatisfied dependency expressed through method 'dataSource' parameter 0; nested exception is org.springframework.beans.factory.BeanCreationException: Error creating bean with name 'hikariDataSource' defined in class path resource [com/atguigu/gmall/sms/config/DataSourceConfig.class]: Initialization of bean failed; nested exception is org.springframework.beans.factory.BeanCreationException: Error creating bean with name 'org.springframework.boot.autoconfigure.jdbc.DataSourceInitializerInvoker': Invocation of init method failed; nested exception is org.springframework.beans.factory.BeanCurrentlyInCreationException: Error creating bean with name 'dataSource': Requested bean is currently in creation: Is there an unresolvable circular reference?
	at org.springframework.beans.factory.support.ConstructorResolver.createArgumentArray(ConstructorResolver.java:787) ~[spring-beans-5.2.1.RELEASE.jar:5.2.1.RELEASE]
	at org.springframework.beans.factory.support.ConstructorResolver.instantiateUsingFactoryMethod(ConstructorResolver.java:528) ~[spring-beans-5.2.1.RELEASE.jar:5.2.1.RELEASE]
	at org.springframework.beans.factory.support.AbstractAutowireCapableBeanFactory.instantiateUsingFactoryMethod(AbstractAutowireCapableBeanFactory.java:1338) ~[spring-beans-5.2.1.RELEASE.jar:5.2.1.RELEASE]
	at org.springframework.beans.factory.support.AbstractAutowireCapableBeanFactory.createBeanInstance(AbstractAutowireCapableBeanFactory.java:1177) ~[spring-beans-5.2.1.RELEASE.jar:5.2.1.RELEASE]
	at org.springframework.beans.factory.support.AbstractAutowireCapableBeanFactory.doCreateBean(AbstractAutowireCapableBeanFactory.java:557) ~[spring-beans-5.2.1.RELEASE.jar:5.2.1.RELEASE]
	at org.springframework.beans.factory.support.AbstractAutowireCapableBeanFactory.createBean(AbstractAutowireCapableBeanFactory.java:517) ~[spring-beans-5.2.1.RELEASE.jar:5.2.1.RELEASE]
	at org.springframework.beans.factory.support.AbstractBeanFactory.lambda$doGetBean$0(AbstractBeanFactory.java:323) ~[spring-beans-5.2.1.RELEASE.jar:5.2.1.RELEASE]
	at org.springframework.beans.factory.support.DefaultSingletonBeanRegistry.getSingleton(DefaultSingletonBeanRegistry.java:222) ~[spring-beans-5.2.1.RELEASE.jar:5.2.1.RELEASE]
	at org.springframework.beans.factory.support.AbstractBeanFactory.doGetBean(AbstractBeanFactory.java:321) ~[spring-beans-5.2.1.RELEASE.jar:5.2.1.RELEASE]
	at org.springframework.beans.factory.support.AbstractBeanFactory.getBean(AbstractBeanFactory.java:202) ~[spring-beans-5.2.1.RELEASE.jar:5.2.1.RELEASE]
	at org.springframework.beans.factory.config.DependencyDescriptor.resolveCandidate(DependencyDescriptor.java:276) ~[spring-beans-5.2.1.RELEASE.jar:5.2.1.RELEASE]
	at org.springframework.beans.factory.support.DefaultListableBeanFactory.doResolveDependency(DefaultListableBeanFactory.java:1287) ~[spring-beans-5.2.1.RELEASE.jar:5.2.1.RELEASE]
	at org.springframework.beans.factory.support.DefaultListableBeanFactory.resolveDependency(DefaultListableBeanFactory.java:1207) ~[spring-beans-5.2.1.RELEASE.jar:5.2.1.RELEASE]
	at org.springframework.beans.factory.support.ConstructorResolver.resolveAutowiredArgument(ConstructorResolver.java:874) ~[spring-beans-5.2.1.RELEASE.jar:5.2.1.RELEASE]
	at org.springframework.beans.factory.support.ConstructorResolver.createArgumentArray(ConstructorResolver.java:778) ~[spring-beans-5.2.1.RELEASE.jar:5.2.1.RELEASE]
	... 120 common frames omitted
Caused by: org.springframework.beans.factory.BeanCreationException: Error creating bean with name 'hikariDataSource' defined in class path resource [com/atguigu/gmall/sms/config/DataSourceConfig.class]: Initialization of bean failed; nested exception is org.springframework.beans.factory.BeanCreationException: Error creating bean with name 'org.springframework.boot.autoconfigure.jdbc.DataSourceInitializerInvoker': Invocation of init method failed; nested exception is org.springframework.beans.factory.BeanCurrentlyInCreationException: Error creating bean with name 'dataSource': Requested bean is currently in creation: Is there an unresolvable circular reference?
	at org.springframework.beans.factory.support.AbstractAutowireCapableBeanFactory.doCreateBean(AbstractAutowireCapableBeanFactory.java:603) ~[spring-beans-5.2.1.RELEASE.jar:5.2.1.RELEASE]
	at org.springframework.beans.factory.support.AbstractAutowireCapableBeanFactory.createBean(AbstractAutowireCapableBeanFactory.java:517) ~[spring-beans-5.2.1.RELEASE.jar:5.2.1.RELEASE]
	at org.springframework.beans.factory.support.AbstractBeanFactory.lambda$doGetBean$0(AbstractBeanFactory.java:323) ~[spring-beans-5.2.1.RELEASE.jar:5.2.1.RELEASE]
	at org.springframework.beans.factory.support.DefaultSingletonBeanRegistry.getSingleton(DefaultSingletonBeanRegistry.java:222) ~[spring-beans-5.2.1.RELEASE.jar:5.2.1.RELEASE]
	at org.springframework.beans.factory.support.AbstractBeanFactory.doGetBean(AbstractBeanFactory.java:321) ~[spring-beans-5.2.1.RELEASE.jar:5.2.1.RELEASE]
	at org.springframework.beans.factory.support.AbstractBeanFactory.getBean(AbstractBeanFactory.java:202) ~[spring-beans-5.2.1.RELEASE.jar:5.2.1.RELEASE]
	at org.springframework.beans.factory.config.DependencyDescriptor.resolveCandidate(DependencyDescriptor.java:276) ~[spring-beans-5.2.1.RELEASE.jar:5.2.1.RELEASE]
	at org.springframework.beans.factory.support.DefaultListableBeanFactory.doResolveDependency(DefaultListableBeanFactory.java:1287) ~[spring-beans-5.2.1.RELEASE.jar:5.2.1.RELEASE]
	at org.springframework.beans.factory.support.DefaultListableBeanFactory.resolveDependency(DefaultListableBeanFactory.java:1207) ~[spring-beans-5.2.1.RELEASE.jar:5.2.1.RELEASE]
	at org.springframework.beans.factory.support.ConstructorResolver.resolveAutowiredArgument(ConstructorResolver.java:874) ~[spring-beans-5.2.1.RELEASE.jar:5.2.1.RELEASE]
	at org.springframework.beans.factory.support.ConstructorResolver.createArgumentArray(ConstructorResolver.java:778) ~[spring-beans-5.2.1.RELEASE.jar:5.2.1.RELEASE]
	... 134 common frames omitted
Caused by: org.springframework.beans.factory.BeanCreationException: Error creating bean with name 'org.springframework.boot.autoconfigure.jdbc.DataSourceInitializerInvoker': Invocation of init method failed; nested exception is org.springframework.beans.factory.BeanCurrentlyInCreationException: Error creating bean with name 'dataSource': Requested bean is currently in creation: Is there an unresolvable circular reference?
	at org.springframework.beans.factory.support.AbstractAutowireCapableBeanFactory.initializeBean(AbstractAutowireCapableBeanFactory.java:1803) ~[spring-beans-5.2.1.RELEASE.jar:5.2.1.RELEASE]
	at org.springframework.beans.factory.support.AbstractAutowireCapableBeanFactory.doCreateBean(AbstractAutowireCapableBeanFactory.java:595) ~[spring-beans-5.2.1.RELEASE.jar:5.2.1.RELEASE]
	at org.springframework.beans.factory.support.AbstractAutowireCapableBeanFactory.createBean(AbstractAutowireCapableBeanFactory.java:517) ~[spring-beans-5.2.1.RELEASE.jar:5.2.1.RELEASE]
	at org.springframework.beans.factory.support.AbstractBeanFactory.lambda$doGetBean$0(AbstractBeanFactory.java:323) ~[spring-beans-5.2.1.RELEASE.jar:5.2.1.RELEASE]
	at org.springframework.beans.factory.support.DefaultSingletonBeanRegistry.getSingleton(DefaultSingletonBeanRegistry.java:222) ~[spring-beans-5.2.1.RELEASE.jar:5.2.1.RELEASE]
	at org.springframework.beans.factory.support.AbstractBeanFactory.doGetBean(AbstractBeanFactory.java:321) ~[spring-beans-5.2.1.RELEASE.jar:5.2.1.RELEASE]
	at org.springframework.beans.factory.support.AbstractBeanFactory.getBean(AbstractBeanFactory.java:227) ~[spring-beans-5.2.1.RELEASE.jar:5.2.1.RELEASE]
	at org.springframework.beans.factory.support.DefaultListableBeanFactory.resolveNamedBean(DefaultListableBeanFactory.java:1155) ~[spring-beans-5.2.1.RELEASE.jar:5.2.1.RELEASE]
	at org.springframework.beans.factory.support.DefaultListableBeanFactory.resolveBean(DefaultListableBeanFactory.java:416) ~[spring-beans-5.2.1.RELEASE.jar:5.2.1.RELEASE]
	at org.springframework.beans.factory.support.DefaultListableBeanFactory.getBean(DefaultListableBeanFactory.java:349) ~[spring-beans-5.2.1.RELEASE.jar:5.2.1.RELEASE]
	at org.springframework.beans.factory.support.DefaultListableBeanFactory.getBean(DefaultListableBeanFactory.java:342) ~[spring-beans-5.2.1.RELEASE.jar:5.2.1.RELEASE]
	at org.springframework.boot.autoconfigure.jdbc.DataSourceInitializerPostProcessor.postProcessAfterInitialization(DataSourceInitializerPostProcessor.java:52) ~[spring-boot-autoconfigure-2.2.1.RELEASE.jar:2.2.1.RELEASE]
	at org.springframework.beans.factory.support.AbstractAutowireCapableBeanFactory.applyBeanPostProcessorsAfterInitialization(AbstractAutowireCapableBeanFactory.java:431) ~[spring-beans-5.2.1.RELEASE.jar:5.2.1.RELEASE]
	at org.springframework.beans.factory.support.AbstractAutowireCapableBeanFactory.initializeBean(AbstractAutowireCapableBeanFactory.java:1807) ~[spring-beans-5.2.1.RELEASE.jar:5.2.1.RELEASE]
	at org.springframework.beans.factory.support.AbstractAutowireCapableBeanFactory.doCreateBean(AbstractAutowireCapableBeanFactory.java:595) ~[spring-beans-5.2.1.RELEASE.jar:5.2.1.RELEASE]
	... 144 common frames omitted
Caused by: org.springframework.beans.factory.BeanCurrentlyInCreationException: Error creating bean with name 'dataSource': Requested bean is currently in creation: Is there an unresolvable circular reference?
	at org.springframework.beans.factory.support.DefaultSingletonBeanRegistry.beforeSingletonCreation(DefaultSingletonBeanRegistry.java:339) ~[spring-beans-5.2.1.RELEASE.jar:5.2.1.RELEASE]
	at org.springframework.beans.factory.support.DefaultSingletonBeanRegistry.getSingleton(DefaultSingletonBeanRegistry.java:215) ~[spring-beans-5.2.1.RELEASE.jar:5.2.1.RELEASE]
	at org.springframework.beans.factory.support.AbstractBeanFactory.doGetBean(AbstractBeanFactory.java:321) ~[spring-beans-5.2.1.RELEASE.jar:5.2.1.RELEASE]
	at org.springframework.beans.factory.support.AbstractBeanFactory.getBean(AbstractBeanFactory.java:202) ~[spring-beans-5.2.1.RELEASE.jar:5.2.1.RELEASE]
	at org.springframework.beans.factory.config.DependencyDescriptor.resolveCandidate(DependencyDescriptor.java:276) ~[spring-beans-5.2.1.RELEASE.jar:5.2.1.RELEASE]
	at org.springframework.beans.factory.support.DefaultListableBeanFactory.doResolveDependency(DefaultListableBeanFactory.java:1287) ~[spring-beans-5.2.1.RELEASE.jar:5.2.1.RELEASE]
	at org.springframework.beans.factory.support.DefaultListableBeanFactory$DependencyObjectProvider.getIfUnique(DefaultListableBeanFactory.java:1942) ~[spring-beans-5.2.1.RELEASE.jar:5.2.1.RELEASE]
	at org.springframework.boot.autoconfigure.jdbc.DataSourceInitializerInvoker.getDataSourceInitializer(DataSourceInitializerInvoker.java:98) ~[spring-boot-autoconfigure-2.2.1.RELEASE.jar:2.2.1.RELEASE]
	at org.springframework.boot.autoconfigure.jdbc.DataSourceInitializerInvoker.afterPropertiesSet(DataSourceInitializerInvoker.java:61) ~[spring-boot-autoconfigure-2.2.1.RELEASE.jar:2.2.1.RELEASE]
	at org.springframework.beans.factory.support.AbstractAutowireCapableBeanFactory.invokeInitMethods(AbstractAutowireCapableBeanFactory.java:1862) ~[spring-beans-5.2.1.RELEASE.jar:5.2.1.RELEASE]
	at org.springframework.beans.factory.support.AbstractAutowireCapableBeanFactory.initializeBean(AbstractAutowireCapableBeanFactory.java:1799) ~[spring-beans-5.2.1.RELEASE.jar:5.2.1.RELEASE]
	... 158 common frames omitted

]]></system-out>
  </testcase>
</testsuite>